[2023-02-21 00:56:33] local.ERROR: SQLSTATE[HY000] [2002] Nenhuma conexão pôde ser feita porque a máquina de destino as recusou ativamente (SQL: select * from `users` where `email` = eric@gmail.com limit 1) {"exception":"[object] (Illuminate\\Database\\QueryException(code: 2002): SQLSTATE[HY000] [2002] Nenhuma conexão pôde ser feita porque a máquina de destino as recusou ativamente (SQL: select * from `users` where `email` = eric@gmail.com limit 1) at C:\\Users\\Wener\\Documents\\g-redirect-remaster\\backend\\vendor\\illuminate\\database\\Connection.php:760)
[stacktrace]
#0 C:\\Users\\Wener\\Documents\\g-redirect-remaster\\backend\\vendor\\illuminate\\database\\Connection.php(720): Illuminate\\Database\\Connection->runQueryCallback('select * from `...', Array, Object(Closure))
#1 C:\\Users\\Wener\\Documents\\g-redirect-remaster\\backend\\vendor\\illuminate\\database\\Connection.php(422): Illuminate\\Database\\Connection->run('select * from `...', Array, Object(Closure))
#2 C:\\Users\\Wener\\Documents\\g-redirect-remaster\\backend\\vendor\\illuminate\\database\\Query\\Builder.php(2706): Illuminate\\Database\\Connection->select('select * from `...', Array, true)
#3 C:\\Users\\Wener\\Documents\\g-redirect-remaster\\backend\\vendor\\illuminate\\database\\Query\\Builder.php(2694): Illuminate\\Database\\Query\\Builder->runSelect()
#4 C:\\Users\\Wener\\Documents\\g-redirect-remaster\\backend\\vendor\\illuminate\\database\\Query\\Builder.php(3230): Illuminate\\Database\\Query\\Builder->Illuminate\\Database\\Query\\{closure}()
#5 C:\\Users\\Wener\\Documents\\g-redirect-remaster\\backend\\vendor\\illuminate\\database\\Query\\Builder.php(2695): Illuminate\\Database\\Query\\Builder->onceWithColumns(Array, Object(Closure))
#6 C:\\Users\\Wener\\Documents\\g-redirect-remaster\\backend\\vendor\\illuminate\\database\\Eloquent\\Builder.php(710): Illuminate\\Database\\Query\\Builder->get(Array)
#7 C:\\Users\\Wener\\Documents\\g-redirect-remaster\\backend\\vendor\\illuminate\\database\\Eloquent\\Builder.php(694): Illuminate\\Database\\Eloquent\\Builder->getModels(Array)
#8 C:\\Users\\Wener\\Documents\\g-redirect-remaster\\backend\\vendor\\illuminate\\database\\Concerns\\BuildsQueries.php(296): Illuminate\\Database\\Eloquent\\Builder->get(Array)
#9 C:\\Users\\Wener\\Documents\\g-redirect-remaster\\backend\\vendor\\illuminate\\auth\\EloquentUserProvider.php(139): Illuminate\\Database\\Eloquent\\Builder->first()
#10 C:\\Users\\Wener\\Documents\\g-redirect-remaster\\backend\\vendor\\tymon\\jwt-auth\\src\\JWTGuard.php(121): Illuminate\\Auth\\EloquentUserProvider->retrieveByCredentials(Array)
#11 C:\\Users\\Wener\\Documents\\g-redirect-remaster\\backend\\vendor\\illuminate\\auth\\AuthManager.php(340): Tymon\\JWTAuth\\JWTGuard->attempt(Array)
#12 C:\\Users\\Wener\\Documents\\g-redirect-remaster\\backend\\vendor\\illuminate\\support\\Facades\\Facade.php(338): Illuminate\\Auth\\AuthManager->__call('attempt', Array)
#13 C:\\Users\\Wener\\Documents\\g-redirect-remaster\\backend\\app\\Http\\Controllers\\UserController.php(25): Illuminate\\Support\\Facades\\Facade::__callStatic('attempt', Array)
#14 C:\\Users\\Wener\\Documents\\g-redirect-remaster\\backend\\vendor\\illuminate\\container\\BoundMethod.php(36): App\\Http\\Controllers\\UserController->login(Object(Laravel\\Lumen\\Http\\Request))
#15 C:\\Users\\Wener\\Documents\\g-redirect-remaster\\backend\\vendor\\illuminate\\container\\Util.php(41): Illuminate\\Container\\BoundMethod::Illuminate\\Container\\{closure}()
#16 C:\\Users\\Wener\\Documents\\g-redirect-remaster\\backend\\vendor\\illuminate\\container\\BoundMethod.php(93): Illuminate\\Container\\Util::unwrapIfClosure(Object(Closure))
#17 C:\\Users\\Wener\\Documents\\g-redirect-remaster\\backend\\vendor\\illuminate\\container\\BoundMethod.php(37): Illuminate\\Container\\BoundMethod::callBoundMethod(Object(Laravel\\Lumen\\Application), Array, Object(Closure))
#18 C:\\Users\\Wener\\Documents\\g-redirect-remaster\\backend\\vendor\\illuminate\\container\\Container.php(661): Illuminate\\Container\\BoundMethod::call(Object(Laravel\\Lumen\\Application), Array, Array, NULL)
#19 C:\\Users\\Wener\\Documents\\g-redirect-remaster\\backend\\vendor\\laravel\\lumen-framework\\src\\Concerns\\RoutesRequests.php(391): Illuminate\\Container\\Container->call(Array, Array)
#20 C:\\Users\\Wener\\Documents\\g-redirect-remaster\\backend\\vendor\\laravel\\lumen-framework\\src\\Concerns\\RoutesRequests.php(357): Laravel\\Lumen\\Application->callControllerCallable(Array, Array)
#21 C:\\Users\\Wener\\Documents\\g-redirect-remaster\\backend\\vendor\\laravel\\lumen-framework\\src\\Concerns\\RoutesRequests.php(331): Laravel\\Lumen\\Application->callLumenController(Object(App\\Http\\Controllers\\UserController), 'login', Array)
#22 C:\\Users\\Wener\\Documents\\g-redirect-remaster\\backend\\vendor\\laravel\\lumen-framework\\src\\Concerns\\RoutesRequests.php(284): Laravel\\Lumen\\Application->callControllerAction(Array)
#23 C:\\Users\\Wener\\Documents\\g-redirect-remaster\\backend\\vendor\\laravel\\lumen-framework\\src\\Concerns\\RoutesRequests.php(269): Laravel\\Lumen\\Application->callActionOnArrayBasedRoute(Array)
#24 C:\\Users\\Wener\\Documents\\g-redirect-remaster\\backend\\vendor\\laravel\\lumen-framework\\src\\Concerns\\RoutesRequests.php(171): Laravel\\Lumen\\Application->handleFoundRoute(Array)
#25 C:\\Users\\Wener\\Documents\\g-redirect-remaster\\backend\\vendor\\laravel\\lumen-framework\\src\\Concerns\\RoutesRequests.php(431): Laravel\\Lumen\\Application->Laravel\\Lumen\\Concerns\\{closure}(Object(Laravel\\Lumen\\Http\\Request))
#26 C:\\Users\\Wener\\Documents\\g-redirect-remaster\\backend\\vendor\\laravel\\lumen-framework\\src\\Concerns\\RoutesRequests.php(177): Laravel\\Lumen\\Application->sendThroughPipeline(Array, Object(Closure))
#27 C:\\Users\\Wener\\Documents\\g-redirect-remaster\\backend\\vendor\\laravel\\lumen-framework\\src\\Concerns\\RoutesRequests.php(112): Laravel\\Lumen\\Application->dispatch(NULL)
#28 C:\\Users\\Wener\\Documents\\g-redirect-remaster\\backend\\public\\index.php(28): Laravel\\Lumen\\Application->run()
#29 {main}

[previous exception] [object] (PDOException(code: 2002): SQLSTATE[HY000] [2002] Nenhuma conexão pôde ser feita porque a máquina de destino as recusou ativamente at C:\\Users\\Wener\\Documents\\g-redirect-remaster\\backend\\vendor\\illuminate\\database\\Connectors\\Connector.php:70)
[stacktrace]
#0 C:\\Users\\Wener\\Documents\\g-redirect-remaster\\backend\\vendor\\illuminate\\database\\Connectors\\Connector.php(70): PDO->__construct('mysql:host=127....', 'root', '', Array)
#1 C:\\Users\\Wener\\Documents\\g-redirect-remaster\\backend\\vendor\\illuminate\\database\\Connectors\\Connector.php(46): Illuminate\\Database\\Connectors\\Connector->createPdoConnection('mysql:host=127....', 'root', '', Array)
#2 C:\\Users\\Wener\\Documents\\g-redirect-remaster\\backend\\vendor\\illuminate\\database\\Connectors\\MySqlConnector.php(24): Illuminate\\Database\\Connectors\\Connector->createConnection('mysql:host=127....', Array, Array)
#3 C:\\Users\\Wener\\Documents\\g-redirect-remaster\\backend\\vendor\\illuminate\\database\\Connectors\\ConnectionFactory.php(184): Illuminate\\Database\\Connectors\\MySqlConnector->connect(Array)
#4 [internal function]: Illuminate\\Database\\Connectors\\ConnectionFactory->Illuminate\\Database\\Connectors\\{closure}()
#5 C:\\Users\\Wener\\Documents\\g-redirect-remaster\\backend\\vendor\\illuminate\\database\\Connection.php(1181): call_user_func(Object(Closure))
#6 C:\\Users\\Wener\\Documents\\g-redirect-remaster\\backend\\vendor\\illuminate\\database\\Connection.php(1217): Illuminate\\Database\\Connection->getPdo()
#7 C:\\Users\\Wener\\Documents\\g-redirect-remaster\\backend\\vendor\\illuminate\\database\\Connection.php(486): Illuminate\\Database\\Connection->getReadPdo()
#8 C:\\Users\\Wener\\Documents\\g-redirect-remaster\\backend\\vendor\\illuminate\\database\\Connection.php(414): Illuminate\\Database\\Connection->getPdoForSelect(true)
#9 C:\\Users\\Wener\\Documents\\g-redirect-remaster\\backend\\vendor\\illuminate\\database\\Connection.php(753): Illuminate\\Database\\Connection->Illuminate\\Database\\{closure}('select * from `...', Array)
#10 C:\\Users\\Wener\\Documents\\g-redirect-remaster\\backend\\vendor\\illuminate\\database\\Connection.php(720): Illuminate\\Database\\Connection->runQueryCallback('select * from `...', Array, Object(Closure))
#11 C:\\Users\\Wener\\Documents\\g-redirect-remaster\\backend\\vendor\\illuminate\\database\\Connection.php(422): Illuminate\\Database\\Connection->run('select * from `...', Array, Object(Closure))
#12 C:\\Users\\Wener\\Documents\\g-redirect-remaster\\backend\\vendor\\illuminate\\database\\Query\\Builder.php(2706): Illuminate\\Database\\Connection->select('select * from `...', Array, true)
#13 C:\\Users\\Wener\\Documents\\g-redirect-remaster\\backend\\vendor\\illuminate\\database\\Query\\Builder.php(2694): Illuminate\\Database\\Query\\Builder->runSelect()
#14 C:\\Users\\Wener\\Documents\\g-redirect-remaster\\backend\\vendor\\illuminate\\database\\Query\\Builder.php(3230): Illuminate\\Database\\Query\\Builder->Illuminate\\Database\\Query\\{closure}()
#15 C:\\Users\\Wener\\Documents\\g-redirect-remaster\\backend\\vendor\\illuminate\\database\\Query\\Builder.php(2695): Illuminate\\Database\\Query\\Builder->onceWithColumns(Array, Object(Closure))
#16 C:\\Users\\Wener\\Documents\\g-redirect-remaster\\backend\\vendor\\illuminate\\database\\Eloquent\\Builder.php(710): Illuminate\\Database\\Query\\Builder->get(Array)
#17 C:\\Users\\Wener\\Documents\\g-redirect-remaster\\backend\\vendor\\illuminate\\database\\Eloquent\\Builder.php(694): Illuminate\\Database\\Eloquent\\Builder->getModels(Array)
#18 C:\\Users\\Wener\\Documents\\g-redirect-remaster\\backend\\vendor\\illuminate\\database\\Concerns\\BuildsQueries.php(296): Illuminate\\Database\\Eloquent\\Builder->get(Array)
#19 C:\\Users\\Wener\\Documents\\g-redirect-remaster\\backend\\vendor\\illuminate\\auth\\EloquentUserProvider.php(139): Illuminate\\Database\\Eloquent\\Builder->first()
#20 C:\\Users\\Wener\\Documents\\g-redirect-remaster\\backend\\vendor\\tymon\\jwt-auth\\src\\JWTGuard.php(121): Illuminate\\Auth\\EloquentUserProvider->retrieveByCredentials(Array)
#21 C:\\Users\\Wener\\Documents\\g-redirect-remaster\\backend\\vendor\\illuminate\\auth\\AuthManager.php(340): Tymon\\JWTAuth\\JWTGuard->attempt(Array)
#22 C:\\Users\\Wener\\Documents\\g-redirect-remaster\\backend\\vendor\\illuminate\\support\\Facades\\Facade.php(338): Illuminate\\Auth\\AuthManager->__call('attempt', Array)
#23 C:\\Users\\Wener\\Documents\\g-redirect-remaster\\backend\\app\\Http\\Controllers\\UserController.php(25): Illuminate\\Support\\Facades\\Facade::__callStatic('attempt', Array)
#24 C:\\Users\\Wener\\Documents\\g-redirect-remaster\\backend\\vendor\\illuminate\\container\\BoundMethod.php(36): App\\Http\\Controllers\\UserController->login(Object(Laravel\\Lumen\\Http\\Request))
#25 C:\\Users\\Wener\\Documents\\g-redirect-remaster\\backend\\vendor\\illuminate\\container\\Util.php(41): Illuminate\\Container\\BoundMethod::Illuminate\\Container\\{closure}()
#26 C:\\Users\\Wener\\Documents\\g-redirect-remaster\\backend\\vendor\\illuminate\\container\\BoundMethod.php(93): Illuminate\\Container\\Util::unwrapIfClosure(Object(Closure))
#27 C:\\Users\\Wener\\Documents\\g-redirect-remaster\\backend\\vendor\\illuminate\\container\\BoundMethod.php(37): Illuminate\\Container\\BoundMethod::callBoundMethod(Object(Laravel\\Lumen\\Application), Array, Object(Closure))
#28 C:\\Users\\Wener\\Documents\\g-redirect-remaster\\backend\\vendor\\illuminate\\container\\Container.php(661): Illuminate\\Container\\BoundMethod::call(Object(Laravel\\Lumen\\Application), Array, Array, NULL)
#29 C:\\Users\\Wener\\Documents\\g-redirect-remaster\\backend\\vendor\\laravel\\lumen-framework\\src\\Concerns\\RoutesRequests.php(391): Illuminate\\Container\\Container->call(Array, Array)
#30 C:\\Users\\Wener\\Documents\\g-redirect-remaster\\backend\\vendor\\laravel\\lumen-framework\\src\\Concerns\\RoutesRequests.php(357): Laravel\\Lumen\\Application->callControllerCallable(Array, Array)
#31 C:\\Users\\Wener\\Documents\\g-redirect-remaster\\backend\\vendor\\laravel\\lumen-framework\\src\\Concerns\\RoutesRequests.php(331): Laravel\\Lumen\\Application->callLumenController(Object(App\\Http\\Controllers\\UserController), 'login', Array)
#32 C:\\Users\\Wener\\Documents\\g-redirect-remaster\\backend\\vendor\\laravel\\lumen-framework\\src\\Concerns\\RoutesRequests.php(284): Laravel\\Lumen\\Application->callControllerAction(Array)
#33 C:\\Users\\Wener\\Documents\\g-redirect-remaster\\backend\\vendor\\laravel\\lumen-framework\\src\\Concerns\\RoutesRequests.php(269): Laravel\\Lumen\\Application->callActionOnArrayBasedRoute(Array)
#34 C:\\Users\\Wener\\Documents\\g-redirect-remaster\\backend\\vendor\\laravel\\lumen-framework\\src\\Concerns\\RoutesRequests.php(171): Laravel\\Lumen\\Application->handleFoundRoute(Array)
#35 C:\\Users\\Wener\\Documents\\g-redirect-remaster\\backend\\vendor\\laravel\\lumen-framework\\src\\Concerns\\RoutesRequests.php(431): Laravel\\Lumen\\Application->Laravel\\Lumen\\Concerns\\{closure}(Object(Laravel\\Lumen\\Http\\Request))
#36 C:\\Users\\Wener\\Documents\\g-redirect-remaster\\backend\\vendor\\laravel\\lumen-framework\\src\\Concerns\\RoutesRequests.php(177): Laravel\\Lumen\\Application->sendThroughPipeline(Array, Object(Closure))
#37 C:\\Users\\Wener\\Documents\\g-redirect-remaster\\backend\\vendor\\laravel\\lumen-framework\\src\\Concerns\\RoutesRequests.php(112): Laravel\\Lumen\\Application->dispatch(NULL)
#38 C:\\Users\\Wener\\Documents\\g-redirect-remaster\\backend\\public\\index.php(28): Laravel\\Lumen\\Application->run()
#39 {main}
"} 
[2023-02-21 00:56:49] local.ERROR: SQLSTATE[HY000] [2002] Nenhuma conexão pôde ser feita porque a máquina de destino as recusou ativamente (SQL: select * from `users` where `email` = eric@gmail.com limit 1) {"exception":"[object] (Illuminate\\Database\\QueryException(code: 2002): SQLSTATE[HY000] [2002] Nenhuma conexão pôde ser feita porque a máquina de destino as recusou ativamente (SQL: select * from `users` where `email` = eric@gmail.com limit 1) at C:\\Users\\Wener\\Documents\\g-redirect-remaster\\backend\\vendor\\illuminate\\database\\Connection.php:760)
[stacktrace]
#0 C:\\Users\\Wener\\Documents\\g-redirect-remaster\\backend\\vendor\\illuminate\\database\\Connection.php(720): Illuminate\\Database\\Connection->runQueryCallback('select * from `...', Array, Object(Closure))
#1 C:\\Users\\Wener\\Documents\\g-redirect-remaster\\backend\\vendor\\illuminate\\database\\Connection.php(422): Illuminate\\Database\\Connection->run('select * from `...', Array, Object(Closure))
#2 C:\\Users\\Wener\\Documents\\g-redirect-remaster\\backend\\vendor\\illuminate\\database\\Query\\Builder.php(2706): Illuminate\\Database\\Connection->select('select * from `...', Array, true)
#3 C:\\Users\\Wener\\Documents\\g-redirect-remaster\\backend\\vendor\\illuminate\\database\\Query\\Builder.php(2694): Illuminate\\Database\\Query\\Builder->runSelect()
#4 C:\\Users\\Wener\\Documents\\g-redirect-remaster\\backend\\vendor\\illuminate\\database\\Query\\Builder.php(3230): Illuminate\\Database\\Query\\Builder->Illuminate\\Database\\Query\\{closure}()
#5 C:\\Users\\Wener\\Documents\\g-redirect-remaster\\backend\\vendor\\illuminate\\database\\Query\\Builder.php(2695): Illuminate\\Database\\Query\\Builder->onceWithColumns(Array, Object(Closure))
#6 C:\\Users\\Wener\\Documents\\g-redirect-remaster\\backend\\vendor\\illuminate\\database\\Eloquent\\Builder.php(710): Illuminate\\Database\\Query\\Builder->get(Array)
#7 C:\\Users\\Wener\\Documents\\g-redirect-remaster\\backend\\vendor\\illuminate\\database\\Eloquent\\Builder.php(694): Illuminate\\Database\\Eloquent\\Builder->getModels(Array)
#8 C:\\Users\\Wener\\Documents\\g-redirect-remaster\\backend\\vendor\\illuminate\\database\\Concerns\\BuildsQueries.php(296): Illuminate\\Database\\Eloquent\\Builder->get(Array)
#9 C:\\Users\\Wener\\Documents\\g-redirect-remaster\\backend\\vendor\\illuminate\\auth\\EloquentUserProvider.php(139): Illuminate\\Database\\Eloquent\\Builder->first()
#10 C:\\Users\\Wener\\Documents\\g-redirect-remaster\\backend\\vendor\\tymon\\jwt-auth\\src\\JWTGuard.php(121): Illuminate\\Auth\\EloquentUserProvider->retrieveByCredentials(Array)
#11 C:\\Users\\Wener\\Documents\\g-redirect-remaster\\backend\\vendor\\illuminate\\auth\\AuthManager.php(340): Tymon\\JWTAuth\\JWTGuard->attempt(Array)
#12 C:\\Users\\Wener\\Documents\\g-redirect-remaster\\backend\\vendor\\illuminate\\support\\Facades\\Facade.php(338): Illuminate\\Auth\\AuthManager->__call('attempt', Array)
#13 C:\\Users\\Wener\\Documents\\g-redirect-remaster\\backend\\app\\Http\\Controllers\\UserController.php(25): Illuminate\\Support\\Facades\\Facade::__callStatic('attempt', Array)
#14 C:\\Users\\Wener\\Documents\\g-redirect-remaster\\backend\\vendor\\illuminate\\container\\BoundMethod.php(36): App\\Http\\Controllers\\UserController->login(Object(Laravel\\Lumen\\Http\\Request))
#15 C:\\Users\\Wener\\Documents\\g-redirect-remaster\\backend\\vendor\\illuminate\\container\\Util.php(41): Illuminate\\Container\\BoundMethod::Illuminate\\Container\\{closure}()
#16 C:\\Users\\Wener\\Documents\\g-redirect-remaster\\backend\\vendor\\illuminate\\container\\BoundMethod.php(93): Illuminate\\Container\\Util::unwrapIfClosure(Object(Closure))
#17 C:\\Users\\Wener\\Documents\\g-redirect-remaster\\backend\\vendor\\illuminate\\container\\BoundMethod.php(37): Illuminate\\Container\\BoundMethod::callBoundMethod(Object(Laravel\\Lumen\\Application), Array, Object(Closure))
#18 C:\\Users\\Wener\\Documents\\g-redirect-remaster\\backend\\vendor\\illuminate\\container\\Container.php(661): Illuminate\\Container\\BoundMethod::call(Object(Laravel\\Lumen\\Application), Array, Array, NULL)
#19 C:\\Users\\Wener\\Documents\\g-redirect-remaster\\backend\\vendor\\laravel\\lumen-framework\\src\\Concerns\\RoutesRequests.php(391): Illuminate\\Container\\Container->call(Array, Array)
#20 C:\\Users\\Wener\\Documents\\g-redirect-remaster\\backend\\vendor\\laravel\\lumen-framework\\src\\Concerns\\RoutesRequests.php(357): Laravel\\Lumen\\Application->callControllerCallable(Array, Array)
#21 C:\\Users\\Wener\\Documents\\g-redirect-remaster\\backend\\vendor\\laravel\\lumen-framework\\src\\Concerns\\RoutesRequests.php(331): Laravel\\Lumen\\Application->callLumenController(Object(App\\Http\\Controllers\\UserController), 'login', Array)
#22 C:\\Users\\Wener\\Documents\\g-redirect-remaster\\backend\\vendor\\laravel\\lumen-framework\\src\\Concerns\\RoutesRequests.php(284): Laravel\\Lumen\\Application->callControllerAction(Array)
#23 C:\\Users\\Wener\\Documents\\g-redirect-remaster\\backend\\vendor\\laravel\\lumen-framework\\src\\Concerns\\RoutesRequests.php(269): Laravel\\Lumen\\Application->callActionOnArrayBasedRoute(Array)
#24 C:\\Users\\Wener\\Documents\\g-redirect-remaster\\backend\\vendor\\laravel\\lumen-framework\\src\\Concerns\\RoutesRequests.php(171): Laravel\\Lumen\\Application->handleFoundRoute(Array)
#25 C:\\Users\\Wener\\Documents\\g-redirect-remaster\\backend\\vendor\\laravel\\lumen-framework\\src\\Concerns\\RoutesRequests.php(431): Laravel\\Lumen\\Application->Laravel\\Lumen\\Concerns\\{closure}(Object(Laravel\\Lumen\\Http\\Request))
#26 C:\\Users\\Wener\\Documents\\g-redirect-remaster\\backend\\vendor\\laravel\\lumen-framework\\src\\Concerns\\RoutesRequests.php(177): Laravel\\Lumen\\Application->sendThroughPipeline(Array, Object(Closure))
#27 C:\\Users\\Wener\\Documents\\g-redirect-remaster\\backend\\vendor\\laravel\\lumen-framework\\src\\Concerns\\RoutesRequests.php(112): Laravel\\Lumen\\Application->dispatch(NULL)
#28 C:\\Users\\Wener\\Documents\\g-redirect-remaster\\backend\\public\\index.php(28): Laravel\\Lumen\\Application->run()
#29 {main}

[previous exception] [object] (PDOException(code: 2002): SQLSTATE[HY000] [2002] Nenhuma conexão pôde ser feita porque a máquina de destino as recusou ativamente at C:\\Users\\Wener\\Documents\\g-redirect-remaster\\backend\\vendor\\illuminate\\database\\Connectors\\Connector.php:70)
[stacktrace]
#0 C:\\Users\\Wener\\Documents\\g-redirect-remaster\\backend\\vendor\\illuminate\\database\\Connectors\\Connector.php(70): PDO->__construct('mysql:host=127....', 'root', '', Array)
#1 C:\\Users\\Wener\\Documents\\g-redirect-remaster\\backend\\vendor\\illuminate\\database\\Connectors\\Connector.php(46): Illuminate\\Database\\Connectors\\Connector->createPdoConnection('mysql:host=127....', 'root', '', Array)
#2 C:\\Users\\Wener\\Documents\\g-redirect-remaster\\backend\\vendor\\illuminate\\database\\Connectors\\MySqlConnector.php(24): Illuminate\\Database\\Connectors\\Connector->createConnection('mysql:host=127....', Array, Array)
#3 C:\\Users\\Wener\\Documents\\g-redirect-remaster\\backend\\vendor\\illuminate\\database\\Connectors\\ConnectionFactory.php(184): Illuminate\\Database\\Connectors\\MySqlConnector->connect(Array)
#4 [internal function]: Illuminate\\Database\\Connectors\\ConnectionFactory->Illuminate\\Database\\Connectors\\{closure}()
#5 C:\\Users\\Wener\\Documents\\g-redirect-remaster\\backend\\vendor\\illuminate\\database\\Connection.php(1181): call_user_func(Object(Closure))
#6 C:\\Users\\Wener\\Documents\\g-redirect-remaster\\backend\\vendor\\illuminate\\database\\Connection.php(1217): Illuminate\\Database\\Connection->getPdo()
#7 C:\\Users\\Wener\\Documents\\g-redirect-remaster\\backend\\vendor\\illuminate\\database\\Connection.php(486): Illuminate\\Database\\Connection->getReadPdo()
#8 C:\\Users\\Wener\\Documents\\g-redirect-remaster\\backend\\vendor\\illuminate\\database\\Connection.php(414): Illuminate\\Database\\Connection->getPdoForSelect(true)
#9 C:\\Users\\Wener\\Documents\\g-redirect-remaster\\backend\\vendor\\illuminate\\database\\Connection.php(753): Illuminate\\Database\\Connection->Illuminate\\Database\\{closure}('select * from `...', Array)
#10 C:\\Users\\Wener\\Documents\\g-redirect-remaster\\backend\\vendor\\illuminate\\database\\Connection.php(720): Illuminate\\Database\\Connection->runQueryCallback('select * from `...', Array, Object(Closure))
#11 C:\\Users\\Wener\\Documents\\g-redirect-remaster\\backend\\vendor\\illuminate\\database\\Connection.php(422): Illuminate\\Database\\Connection->run('select * from `...', Array, Object(Closure))
#12 C:\\Users\\Wener\\Documents\\g-redirect-remaster\\backend\\vendor\\illuminate\\database\\Query\\Builder.php(2706): Illuminate\\Database\\Connection->select('select * from `...', Array, true)
#13 C:\\Users\\Wener\\Documents\\g-redirect-remaster\\backend\\vendor\\illuminate\\database\\Query\\Builder.php(2694): Illuminate\\Database\\Query\\Builder->runSelect()
#14 C:\\Users\\Wener\\Documents\\g-redirect-remaster\\backend\\vendor\\illuminate\\database\\Query\\Builder.php(3230): Illuminate\\Database\\Query\\Builder->Illuminate\\Database\\Query\\{closure}()
#15 C:\\Users\\Wener\\Documents\\g-redirect-remaster\\backend\\vendor\\illuminate\\database\\Query\\Builder.php(2695): Illuminate\\Database\\Query\\Builder->onceWithColumns(Array, Object(Closure))
#16 C:\\Users\\Wener\\Documents\\g-redirect-remaster\\backend\\vendor\\illuminate\\database\\Eloquent\\Builder.php(710): Illuminate\\Database\\Query\\Builder->get(Array)
#17 C:\\Users\\Wener\\Documents\\g-redirect-remaster\\backend\\vendor\\illuminate\\database\\Eloquent\\Builder.php(694): Illuminate\\Database\\Eloquent\\Builder->getModels(Array)
#18 C:\\Users\\Wener\\Documents\\g-redirect-remaster\\backend\\vendor\\illuminate\\database\\Concerns\\BuildsQueries.php(296): Illuminate\\Database\\Eloquent\\Builder->get(Array)
#19 C:\\Users\\Wener\\Documents\\g-redirect-remaster\\backend\\vendor\\illuminate\\auth\\EloquentUserProvider.php(139): Illuminate\\Database\\Eloquent\\Builder->first()
#20 C:\\Users\\Wener\\Documents\\g-redirect-remaster\\backend\\vendor\\tymon\\jwt-auth\\src\\JWTGuard.php(121): Illuminate\\Auth\\EloquentUserProvider->retrieveByCredentials(Array)
#21 C:\\Users\\Wener\\Documents\\g-redirect-remaster\\backend\\vendor\\illuminate\\auth\\AuthManager.php(340): Tymon\\JWTAuth\\JWTGuard->attempt(Array)
#22 C:\\Users\\Wener\\Documents\\g-redirect-remaster\\backend\\vendor\\illuminate\\support\\Facades\\Facade.php(338): Illuminate\\Auth\\AuthManager->__call('attempt', Array)
#23 C:\\Users\\Wener\\Documents\\g-redirect-remaster\\backend\\app\\Http\\Controllers\\UserController.php(25): Illuminate\\Support\\Facades\\Facade::__callStatic('attempt', Array)
#24 C:\\Users\\Wener\\Documents\\g-redirect-remaster\\backend\\vendor\\illuminate\\container\\BoundMethod.php(36): App\\Http\\Controllers\\UserController->login(Object(Laravel\\Lumen\\Http\\Request))
#25 C:\\Users\\Wener\\Documents\\g-redirect-remaster\\backend\\vendor\\illuminate\\container\\Util.php(41): Illuminate\\Container\\BoundMethod::Illuminate\\Container\\{closure}()
#26 C:\\Users\\Wener\\Documents\\g-redirect-remaster\\backend\\vendor\\illuminate\\container\\BoundMethod.php(93): Illuminate\\Container\\Util::unwrapIfClosure(Object(Closure))
#27 C:\\Users\\Wener\\Documents\\g-redirect-remaster\\backend\\vendor\\illuminate\\container\\BoundMethod.php(37): Illuminate\\Container\\BoundMethod::callBoundMethod(Object(Laravel\\Lumen\\Application), Array, Object(Closure))
#28 C:\\Users\\Wener\\Documents\\g-redirect-remaster\\backend\\vendor\\illuminate\\container\\Container.php(661): Illuminate\\Container\\BoundMethod::call(Object(Laravel\\Lumen\\Application), Array, Array, NULL)
#29 C:\\Users\\Wener\\Documents\\g-redirect-remaster\\backend\\vendor\\laravel\\lumen-framework\\src\\Concerns\\RoutesRequests.php(391): Illuminate\\Container\\Container->call(Array, Array)
#30 C:\\Users\\Wener\\Documents\\g-redirect-remaster\\backend\\vendor\\laravel\\lumen-framework\\src\\Concerns\\RoutesRequests.php(357): Laravel\\Lumen\\Application->callControllerCallable(Array, Array)
#31 C:\\Users\\Wener\\Documents\\g-redirect-remaster\\backend\\vendor\\laravel\\lumen-framework\\src\\Concerns\\RoutesRequests.php(331): Laravel\\Lumen\\Application->callLumenController(Object(App\\Http\\Controllers\\UserController), 'login', Array)
#32 C:\\Users\\Wener\\Documents\\g-redirect-remaster\\backend\\vendor\\laravel\\lumen-framework\\src\\Concerns\\RoutesRequests.php(284): Laravel\\Lumen\\Application->callControllerAction(Array)
#33 C:\\Users\\Wener\\Documents\\g-redirect-remaster\\backend\\vendor\\laravel\\lumen-framework\\src\\Concerns\\RoutesRequests.php(269): Laravel\\Lumen\\Application->callActionOnArrayBasedRoute(Array)
#34 C:\\Users\\Wener\\Documents\\g-redirect-remaster\\backend\\vendor\\laravel\\lumen-framework\\src\\Concerns\\RoutesRequests.php(171): Laravel\\Lumen\\Application->handleFoundRoute(Array)
#35 C:\\Users\\Wener\\Documents\\g-redirect-remaster\\backend\\vendor\\laravel\\lumen-framework\\src\\Concerns\\RoutesRequests.php(431): Laravel\\Lumen\\Application->Laravel\\Lumen\\Concerns\\{closure}(Object(Laravel\\Lumen\\Http\\Request))
#36 C:\\Users\\Wener\\Documents\\g-redirect-remaster\\backend\\vendor\\laravel\\lumen-framework\\src\\Concerns\\RoutesRequests.php(177): Laravel\\Lumen\\Application->sendThroughPipeline(Array, Object(Closure))
#37 C:\\Users\\Wener\\Documents\\g-redirect-remaster\\backend\\vendor\\laravel\\lumen-framework\\src\\Concerns\\RoutesRequests.php(112): Laravel\\Lumen\\Application->dispatch(NULL)
#38 C:\\Users\\Wener\\Documents\\g-redirect-remaster\\backend\\public\\index.php(28): Laravel\\Lumen\\Application->run()
#39 {main}
"} 
[2023-02-21 00:59:26] local.ERROR: SQLSTATE[42S02]: Base table or view not found: 1932 Table 'jwt.migrations' doesn't exist in engine (SQL: select `migration` from `migrations` order by `batch` asc, `migration` asc) {"exception":"[object] (Illuminate\\Database\\QueryException(code: 42S02): SQLSTATE[42S02]: Base table or view not found: 1932 Table 'jwt.migrations' doesn't exist in engine (SQL: select `migration` from `migrations` order by `batch` asc, `migration` asc) at C:\\Users\\Wener\\Documents\\g-redirect-remaster\\backend\\vendor\\illuminate\\database\\Connection.php:760)
[stacktrace]
#0 C:\\Users\\Wener\\Documents\\g-redirect-remaster\\backend\\vendor\\illuminate\\database\\Connection.php(720): Illuminate\\Database\\Connection->runQueryCallback('select `migrati...', Array, Object(Closure))
#1 C:\\Users\\Wener\\Documents\\g-redirect-remaster\\backend\\vendor\\illuminate\\database\\Connection.php(422): Illuminate\\Database\\Connection->run('select `migrati...', Array, Object(Closure))
#2 C:\\Users\\Wener\\Documents\\g-redirect-remaster\\backend\\vendor\\illuminate\\database\\Query\\Builder.php(2706): Illuminate\\Database\\Connection->select('select `migrati...', Array, false)
#3 C:\\Users\\Wener\\Documents\\g-redirect-remaster\\backend\\vendor\\illuminate\\database\\Query\\Builder.php(2920): Illuminate\\Database\\Query\\Builder->runSelect()
#4 C:\\Users\\Wener\\Documents\\g-redirect-remaster\\backend\\vendor\\illuminate\\database\\Query\\Builder.php(3230): Illuminate\\Database\\Query\\Builder->Illuminate\\Database\\Query\\{closure}()
#5 C:\\Users\\Wener\\Documents\\g-redirect-remaster\\backend\\vendor\\illuminate\\database\\Query\\Builder.php(2922): Illuminate\\Database\\Query\\Builder->onceWithColumns(Array, Object(Closure))
#6 C:\\Users\\Wener\\Documents\\g-redirect-remaster\\backend\\vendor\\illuminate\\database\\Migrations\\DatabaseMigrationRepository.php(53): Illuminate\\Database\\Query\\Builder->pluck('migration')
#7 C:\\Users\\Wener\\Documents\\g-redirect-remaster\\backend\\vendor\\illuminate\\database\\Migrations\\Migrator.php(703): Illuminate\\Database\\Migrations\\DatabaseMigrationRepository->getRan()
#8 C:\\Users\\Wener\\Documents\\g-redirect-remaster\\backend\\vendor\\illuminate\\database\\Console\\Migrations\\MigrateCommand.php(126): Illuminate\\Database\\Migrations\\Migrator->hasRunAnyMigrations()
#9 C:\\Users\\Wener\\Documents\\g-redirect-remaster\\backend\\vendor\\illuminate\\database\\Console\\Migrations\\MigrateCommand.php(82): Illuminate\\Database\\Console\\Migrations\\MigrateCommand->prepareDatabase()
#10 C:\\Users\\Wener\\Documents\\g-redirect-remaster\\backend\\vendor\\illuminate\\database\\Migrations\\Migrator.php(626): Illuminate\\Database\\Console\\Migrations\\MigrateCommand->Illuminate\\Database\\Console\\Migrations\\{closure}()
#11 C:\\Users\\Wener\\Documents\\g-redirect-remaster\\backend\\vendor\\illuminate\\database\\Console\\Migrations\\MigrateCommand.php(102): Illuminate\\Database\\Migrations\\Migrator->usingConnection(NULL, Object(Closure))
#12 C:\\Users\\Wener\\Documents\\g-redirect-remaster\\backend\\vendor\\illuminate\\container\\BoundMethod.php(36): Illuminate\\Database\\Console\\Migrations\\MigrateCommand->handle()
#13 C:\\Users\\Wener\\Documents\\g-redirect-remaster\\backend\\vendor\\illuminate\\container\\Util.php(41): Illuminate\\Container\\BoundMethod::Illuminate\\Container\\{closure}()
#14 C:\\Users\\Wener\\Documents\\g-redirect-remaster\\backend\\vendor\\illuminate\\container\\BoundMethod.php(93): Illuminate\\Container\\Util::unwrapIfClosure(Object(Closure))
#15 C:\\Users\\Wener\\Documents\\g-redirect-remaster\\backend\\vendor\\illuminate\\container\\BoundMethod.php(37): Illuminate\\Container\\BoundMethod::callBoundMethod(Object(Laravel\\Lumen\\Application), Array, Object(Closure))
#16 C:\\Users\\Wener\\Documents\\g-redirect-remaster\\backend\\vendor\\illuminate\\container\\Container.php(661): Illuminate\\Container\\BoundMethod::call(Object(Laravel\\Lumen\\Application), Array, Array, NULL)
#17 C:\\Users\\Wener\\Documents\\g-redirect-remaster\\backend\\vendor\\illuminate\\console\\Command.php(183): Illuminate\\Container\\Container->call(Array)
#18 C:\\Users\\Wener\\Documents\\g-redirect-remaster\\backend\\vendor\\symfony\\console\\Command\\Command.php(312): Illuminate\\Console\\Command->execute(Object(Symfony\\Component\\Console\\Input\\ArgvInput), Object(Illuminate\\Console\\OutputStyle))
#19 C:\\Users\\Wener\\Documents\\g-redirect-remaster\\backend\\vendor\\illuminate\\console\\Command.php(153): Symfony\\Component\\Console\\Command\\Command->run(Object(Symfony\\Component\\Console\\Input\\ArgvInput), Object(Illuminate\\Console\\OutputStyle))
#20 C:\\Users\\Wener\\Documents\\g-redirect-remaster\\backend\\vendor\\symfony\\console\\Application.php(1022): Illuminate\\Console\\Command->run(Object(Symfony\\Component\\Console\\Input\\ArgvInput), Object(Symfony\\Component\\Console\\Output\\ConsoleOutput))
#21 C:\\Users\\Wener\\Documents\\g-redirect-remaster\\backend\\vendor\\symfony\\console\\Application.php(314): Symfony\\Component\\Console\\Application->doRunCommand(Object(Illuminate\\Database\\Console\\Migrations\\MigrateCommand), Object(Symfony\\Component\\Console\\Input\\ArgvInput), Object(Symfony\\Component\\Console\\Output\\ConsoleOutput))
#22 C:\\Users\\Wener\\Documents\\g-redirect-remaster\\backend\\vendor\\symfony\\console\\Application.php(168): Symfony\\Component\\Console\\Application->doRun(Object(Symfony\\Component\\Console\\Input\\ArgvInput), Object(Symfony\\Component\\Console\\Output\\ConsoleOutput))
#23 C:\\Users\\Wener\\Documents\\g-redirect-remaster\\backend\\vendor\\illuminate\\console\\Application.php(102): Symfony\\Component\\Console\\Application->run(Object(Symfony\\Component\\Console\\Input\\ArgvInput), Object(Symfony\\Component\\Console\\Output\\ConsoleOutput))
#24 C:\\Users\\Wener\\Documents\\g-redirect-remaster\\backend\\vendor\\laravel\\lumen-framework\\src\\Console\\Kernel.php(116): Illuminate\\Console\\Application->run(Object(Symfony\\Component\\Console\\Input\\ArgvInput), Object(Symfony\\Component\\Console\\Output\\ConsoleOutput))
#25 C:\\Users\\Wener\\Documents\\g-redirect-remaster\\backend\\artisan(35): Laravel\\Lumen\\Console\\Kernel->handle(Object(Symfony\\Component\\Console\\Input\\ArgvInput), Object(Symfony\\Component\\Console\\Output\\ConsoleOutput))
#26 {main}

[previous exception] [object] (PDOException(code: 42S02): SQLSTATE[42S02]: Base table or view not found: 1932 Table 'jwt.migrations' doesn't exist in engine at C:\\Users\\Wener\\Documents\\g-redirect-remaster\\backend\\vendor\\illuminate\\database\\Connection.php:414)
[stacktrace]
#0 C:\\Users\\Wener\\Documents\\g-redirect-remaster\\backend\\vendor\\illuminate\\database\\Connection.php(414): PDO->prepare('select `migrati...')
#1 C:\\Users\\Wener\\Documents\\g-redirect-remaster\\backend\\vendor\\illuminate\\database\\Connection.php(753): Illuminate\\Database\\Connection->Illuminate\\Database\\{closure}('select `migrati...', Array)
#2 C:\\Users\\Wener\\Documents\\g-redirect-remaster\\backend\\vendor\\illuminate\\database\\Connection.php(720): Illuminate\\Database\\Connection->runQueryCallback('select `migrati...', Array, Object(Closure))
#3 C:\\Users\\Wener\\Documents\\g-redirect-remaster\\backend\\vendor\\illuminate\\database\\Connection.php(422): Illuminate\\Database\\Connection->run('select `migrati...', Array, Object(Closure))
#4 C:\\Users\\Wener\\Documents\\g-redirect-remaster\\backend\\vendor\\illuminate\\database\\Query\\Builder.php(2706): Illuminate\\Database\\Connection->select('select `migrati...', Array, false)
#5 C:\\Users\\Wener\\Documents\\g-redirect-remaster\\backend\\vendor\\illuminate\\database\\Query\\Builder.php(2920): Illuminate\\Database\\Query\\Builder->runSelect()
#6 C:\\Users\\Wener\\Documents\\g-redirect-remaster\\backend\\vendor\\illuminate\\database\\Query\\Builder.php(3230): Illuminate\\Database\\Query\\Builder->Illuminate\\Database\\Query\\{closure}()
#7 C:\\Users\\Wener\\Documents\\g-redirect-remaster\\backend\\vendor\\illuminate\\database\\Query\\Builder.php(2922): Illuminate\\Database\\Query\\Builder->onceWithColumns(Array, Object(Closure))
#8 C:\\Users\\Wener\\Documents\\g-redirect-remaster\\backend\\vendor\\illuminate\\database\\Migrations\\DatabaseMigrationRepository.php(53): Illuminate\\Database\\Query\\Builder->pluck('migration')
#9 C:\\Users\\Wener\\Documents\\g-redirect-remaster\\backend\\vendor\\illuminate\\database\\Migrations\\Migrator.php(703): Illuminate\\Database\\Migrations\\DatabaseMigrationRepository->getRan()
#10 C:\\Users\\Wener\\Documents\\g-redirect-remaster\\backend\\vendor\\illuminate\\database\\Console\\Migrations\\MigrateCommand.php(126): Illuminate\\Database\\Migrations\\Migrator->hasRunAnyMigrations()
#11 C:\\Users\\Wener\\Documents\\g-redirect-remaster\\backend\\vendor\\illuminate\\database\\Console\\Migrations\\MigrateCommand.php(82): Illuminate\\Database\\Console\\Migrations\\MigrateCommand->prepareDatabase()
#12 C:\\Users\\Wener\\Documents\\g-redirect-remaster\\backend\\vendor\\illuminate\\database\\Migrations\\Migrator.php(626): Illuminate\\Database\\Console\\Migrations\\MigrateCommand->Illuminate\\Database\\Console\\Migrations\\{closure}()
#13 C:\\Users\\Wener\\Documents\\g-redirect-remaster\\backend\\vendor\\illuminate\\database\\Console\\Migrations\\MigrateCommand.php(102): Illuminate\\Database\\Migrations\\Migrator->usingConnection(NULL, Object(Closure))
#14 C:\\Users\\Wener\\Documents\\g-redirect-remaster\\backend\\vendor\\illuminate\\container\\BoundMethod.php(36): Illuminate\\Database\\Console\\Migrations\\MigrateCommand->handle()
#15 C:\\Users\\Wener\\Documents\\g-redirect-remaster\\backend\\vendor\\illuminate\\container\\Util.php(41): Illuminate\\Container\\BoundMethod::Illuminate\\Container\\{closure}()
#16 C:\\Users\\Wener\\Documents\\g-redirect-remaster\\backend\\vendor\\illuminate\\container\\BoundMethod.php(93): Illuminate\\Container\\Util::unwrapIfClosure(Object(Closure))
#17 C:\\Users\\Wener\\Documents\\g-redirect-remaster\\backend\\vendor\\illuminate\\container\\BoundMethod.php(37): Illuminate\\Container\\BoundMethod::callBoundMethod(Object(Laravel\\Lumen\\Application), Array, Object(Closure))
#18 C:\\Users\\Wener\\Documents\\g-redirect-remaster\\backend\\vendor\\illuminate\\container\\Container.php(661): Illuminate\\Container\\BoundMethod::call(Object(Laravel\\Lumen\\Application), Array, Array, NULL)
#19 C:\\Users\\Wener\\Documents\\g-redirect-remaster\\backend\\vendor\\illuminate\\console\\Command.php(183): Illuminate\\Container\\Container->call(Array)
#20 C:\\Users\\Wener\\Documents\\g-redirect-remaster\\backend\\vendor\\symfony\\console\\Command\\Command.php(312): Illuminate\\Console\\Command->execute(Object(Symfony\\Component\\Console\\Input\\ArgvInput), Object(Illuminate\\Console\\OutputStyle))
#21 C:\\Users\\Wener\\Documents\\g-redirect-remaster\\backend\\vendor\\illuminate\\console\\Command.php(153): Symfony\\Component\\Console\\Command\\Command->run(Object(Symfony\\Component\\Console\\Input\\ArgvInput), Object(Illuminate\\Console\\OutputStyle))
#22 C:\\Users\\Wener\\Documents\\g-redirect-remaster\\backend\\vendor\\symfony\\console\\Application.php(1022): Illuminate\\Console\\Command->run(Object(Symfony\\Component\\Console\\Input\\ArgvInput), Object(Symfony\\Component\\Console\\Output\\ConsoleOutput))
#23 C:\\Users\\Wener\\Documents\\g-redirect-remaster\\backend\\vendor\\symfony\\console\\Application.php(314): Symfony\\Component\\Console\\Application->doRunCommand(Object(Illuminate\\Database\\Console\\Migrations\\MigrateCommand), Object(Symfony\\Component\\Console\\Input\\ArgvInput), Object(Symfony\\Component\\Console\\Output\\ConsoleOutput))
#24 C:\\Users\\Wener\\Documents\\g-redirect-remaster\\backend\\vendor\\symfony\\console\\Application.php(168): Symfony\\Component\\Console\\Application->doRun(Object(Symfony\\Component\\Console\\Input\\ArgvInput), Object(Symfony\\Component\\Console\\Output\\ConsoleOutput))
#25 C:\\Users\\Wener\\Documents\\g-redirect-remaster\\backend\\vendor\\illuminate\\console\\Application.php(102): Symfony\\Component\\Console\\Application->run(Object(Symfony\\Component\\Console\\Input\\ArgvInput), Object(Symfony\\Component\\Console\\Output\\ConsoleOutput))
#26 C:\\Users\\Wener\\Documents\\g-redirect-remaster\\backend\\vendor\\laravel\\lumen-framework\\src\\Console\\Kernel.php(116): Illuminate\\Console\\Application->run(Object(Symfony\\Component\\Console\\Input\\ArgvInput), Object(Symfony\\Component\\Console\\Output\\ConsoleOutput))
#27 C:\\Users\\Wener\\Documents\\g-redirect-remaster\\backend\\artisan(35): Laravel\\Lumen\\Console\\Kernel->handle(Object(Symfony\\Component\\Console\\Input\\ArgvInput), Object(Symfony\\Component\\Console\\Output\\ConsoleOutput))
#28 {main}
"} 
[2023-02-21 00:59:40] local.ERROR: SQLSTATE[42S02]: Base table or view not found: 1932 Table 'jwt.migrations' doesn't exist in engine (SQL: select `migration` from `migrations` order by `batch` asc, `migration` asc) {"exception":"[object] (Illuminate\\Database\\QueryException(code: 42S02): SQLSTATE[42S02]: Base table or view not found: 1932 Table 'jwt.migrations' doesn't exist in engine (SQL: select `migration` from `migrations` order by `batch` asc, `migration` asc) at C:\\Users\\Wener\\Documents\\g-redirect-remaster\\backend\\vendor\\illuminate\\database\\Connection.php:760)
[stacktrace]
#0 C:\\Users\\Wener\\Documents\\g-redirect-remaster\\backend\\vendor\\illuminate\\database\\Connection.php(720): Illuminate\\Database\\Connection->runQueryCallback('select `migrati...', Array, Object(Closure))
#1 C:\\Users\\Wener\\Documents\\g-redirect-remaster\\backend\\vendor\\illuminate\\database\\Connection.php(422): Illuminate\\Database\\Connection->run('select `migrati...', Array, Object(Closure))
#2 C:\\Users\\Wener\\Documents\\g-redirect-remaster\\backend\\vendor\\illuminate\\database\\Query\\Builder.php(2706): Illuminate\\Database\\Connection->select('select `migrati...', Array, false)
#3 C:\\Users\\Wener\\Documents\\g-redirect-remaster\\backend\\vendor\\illuminate\\database\\Query\\Builder.php(2920): Illuminate\\Database\\Query\\Builder->runSelect()
#4 C:\\Users\\Wener\\Documents\\g-redirect-remaster\\backend\\vendor\\illuminate\\database\\Query\\Builder.php(3230): Illuminate\\Database\\Query\\Builder->Illuminate\\Database\\Query\\{closure}()
#5 C:\\Users\\Wener\\Documents\\g-redirect-remaster\\backend\\vendor\\illuminate\\database\\Query\\Builder.php(2922): Illuminate\\Database\\Query\\Builder->onceWithColumns(Array, Object(Closure))
#6 C:\\Users\\Wener\\Documents\\g-redirect-remaster\\backend\\vendor\\illuminate\\database\\Migrations\\DatabaseMigrationRepository.php(53): Illuminate\\Database\\Query\\Builder->pluck('migration')
#7 C:\\Users\\Wener\\Documents\\g-redirect-remaster\\backend\\vendor\\illuminate\\database\\Migrations\\Migrator.php(703): Illuminate\\Database\\Migrations\\DatabaseMigrationRepository->getRan()
#8 C:\\Users\\Wener\\Documents\\g-redirect-remaster\\backend\\vendor\\illuminate\\database\\Console\\Migrations\\MigrateCommand.php(126): Illuminate\\Database\\Migrations\\Migrator->hasRunAnyMigrations()
#9 C:\\Users\\Wener\\Documents\\g-redirect-remaster\\backend\\vendor\\illuminate\\database\\Console\\Migrations\\MigrateCommand.php(82): Illuminate\\Database\\Console\\Migrations\\MigrateCommand->prepareDatabase()
#10 C:\\Users\\Wener\\Documents\\g-redirect-remaster\\backend\\vendor\\illuminate\\database\\Migrations\\Migrator.php(626): Illuminate\\Database\\Console\\Migrations\\MigrateCommand->Illuminate\\Database\\Console\\Migrations\\{closure}()
#11 C:\\Users\\Wener\\Documents\\g-redirect-remaster\\backend\\vendor\\illuminate\\database\\Console\\Migrations\\MigrateCommand.php(102): Illuminate\\Database\\Migrations\\Migrator->usingConnection(NULL, Object(Closure))
#12 C:\\Users\\Wener\\Documents\\g-redirect-remaster\\backend\\vendor\\illuminate\\container\\BoundMethod.php(36): Illuminate\\Database\\Console\\Migrations\\MigrateCommand->handle()
#13 C:\\Users\\Wener\\Documents\\g-redirect-remaster\\backend\\vendor\\illuminate\\container\\Util.php(41): Illuminate\\Container\\BoundMethod::Illuminate\\Container\\{closure}()
#14 C:\\Users\\Wener\\Documents\\g-redirect-remaster\\backend\\vendor\\illuminate\\container\\BoundMethod.php(93): Illuminate\\Container\\Util::unwrapIfClosure(Object(Closure))
#15 C:\\Users\\Wener\\Documents\\g-redirect-remaster\\backend\\vendor\\illuminate\\container\\BoundMethod.php(37): Illuminate\\Container\\BoundMethod::callBoundMethod(Object(Laravel\\Lumen\\Application), Array, Object(Closure))
#16 C:\\Users\\Wener\\Documents\\g-redirect-remaster\\backend\\vendor\\illuminate\\container\\Container.php(661): Illuminate\\Container\\BoundMethod::call(Object(Laravel\\Lumen\\Application), Array, Array, NULL)
#17 C:\\Users\\Wener\\Documents\\g-redirect-remaster\\backend\\vendor\\illuminate\\console\\Command.php(183): Illuminate\\Container\\Container->call(Array)
#18 C:\\Users\\Wener\\Documents\\g-redirect-remaster\\backend\\vendor\\symfony\\console\\Command\\Command.php(312): Illuminate\\Console\\Command->execute(Object(Symfony\\Component\\Console\\Input\\ArgvInput), Object(Illuminate\\Console\\OutputStyle))
#19 C:\\Users\\Wener\\Documents\\g-redirect-remaster\\backend\\vendor\\illuminate\\console\\Command.php(153): Symfony\\Component\\Console\\Command\\Command->run(Object(Symfony\\Component\\Console\\Input\\ArgvInput), Object(Illuminate\\Console\\OutputStyle))
#20 C:\\Users\\Wener\\Documents\\g-redirect-remaster\\backend\\vendor\\symfony\\console\\Application.php(1022): Illuminate\\Console\\Command->run(Object(Symfony\\Component\\Console\\Input\\ArgvInput), Object(Symfony\\Component\\Console\\Output\\ConsoleOutput))
#21 C:\\Users\\Wener\\Documents\\g-redirect-remaster\\backend\\vendor\\symfony\\console\\Application.php(314): Symfony\\Component\\Console\\Application->doRunCommand(Object(Illuminate\\Database\\Console\\Migrations\\MigrateCommand), Object(Symfony\\Component\\Console\\Input\\ArgvInput), Object(Symfony\\Component\\Console\\Output\\ConsoleOutput))
#22 C:\\Users\\Wener\\Documents\\g-redirect-remaster\\backend\\vendor\\symfony\\console\\Application.php(168): Symfony\\Component\\Console\\Application->doRun(Object(Symfony\\Component\\Console\\Input\\ArgvInput), Object(Symfony\\Component\\Console\\Output\\ConsoleOutput))
#23 C:\\Users\\Wener\\Documents\\g-redirect-remaster\\backend\\vendor\\illuminate\\console\\Application.php(102): Symfony\\Component\\Console\\Application->run(Object(Symfony\\Component\\Console\\Input\\ArgvInput), Object(Symfony\\Component\\Console\\Output\\ConsoleOutput))
#24 C:\\Users\\Wener\\Documents\\g-redirect-remaster\\backend\\vendor\\laravel\\lumen-framework\\src\\Console\\Kernel.php(116): Illuminate\\Console\\Application->run(Object(Symfony\\Component\\Console\\Input\\ArgvInput), Object(Symfony\\Component\\Console\\Output\\ConsoleOutput))
#25 C:\\Users\\Wener\\Documents\\g-redirect-remaster\\backend\\artisan(35): Laravel\\Lumen\\Console\\Kernel->handle(Object(Symfony\\Component\\Console\\Input\\ArgvInput), Object(Symfony\\Component\\Console\\Output\\ConsoleOutput))
#26 {main}

[previous exception] [object] (PDOException(code: 42S02): SQLSTATE[42S02]: Base table or view not found: 1932 Table 'jwt.migrations' doesn't exist in engine at C:\\Users\\Wener\\Documents\\g-redirect-remaster\\backend\\vendor\\illuminate\\database\\Connection.php:414)
[stacktrace]
#0 C:\\Users\\Wener\\Documents\\g-redirect-remaster\\backend\\vendor\\illuminate\\database\\Connection.php(414): PDO->prepare('select `migrati...')
#1 C:\\Users\\Wener\\Documents\\g-redirect-remaster\\backend\\vendor\\illuminate\\database\\Connection.php(753): Illuminate\\Database\\Connection->Illuminate\\Database\\{closure}('select `migrati...', Array)
#2 C:\\Users\\Wener\\Documents\\g-redirect-remaster\\backend\\vendor\\illuminate\\database\\Connection.php(720): Illuminate\\Database\\Connection->runQueryCallback('select `migrati...', Array, Object(Closure))
#3 C:\\Users\\Wener\\Documents\\g-redirect-remaster\\backend\\vendor\\illuminate\\database\\Connection.php(422): Illuminate\\Database\\Connection->run('select `migrati...', Array, Object(Closure))
#4 C:\\Users\\Wener\\Documents\\g-redirect-remaster\\backend\\vendor\\illuminate\\database\\Query\\Builder.php(2706): Illuminate\\Database\\Connection->select('select `migrati...', Array, false)
#5 C:\\Users\\Wener\\Documents\\g-redirect-remaster\\backend\\vendor\\illuminate\\database\\Query\\Builder.php(2920): Illuminate\\Database\\Query\\Builder->runSelect()
#6 C:\\Users\\Wener\\Documents\\g-redirect-remaster\\backend\\vendor\\illuminate\\database\\Query\\Builder.php(3230): Illuminate\\Database\\Query\\Builder->Illuminate\\Database\\Query\\{closure}()
#7 C:\\Users\\Wener\\Documents\\g-redirect-remaster\\backend\\vendor\\illuminate\\database\\Query\\Builder.php(2922): Illuminate\\Database\\Query\\Builder->onceWithColumns(Array, Object(Closure))
#8 C:\\Users\\Wener\\Documents\\g-redirect-remaster\\backend\\vendor\\illuminate\\database\\Migrations\\DatabaseMigrationRepository.php(53): Illuminate\\Database\\Query\\Builder->pluck('migration')
#9 C:\\Users\\Wener\\Documents\\g-redirect-remaster\\backend\\vendor\\illuminate\\database\\Migrations\\Migrator.php(703): Illuminate\\Database\\Migrations\\DatabaseMigrationRepository->getRan()
#10 C:\\Users\\Wener\\Documents\\g-redirect-remaster\\backend\\vendor\\illuminate\\database\\Console\\Migrations\\MigrateCommand.php(126): Illuminate\\Database\\Migrations\\Migrator->hasRunAnyMigrations()
#11 C:\\Users\\Wener\\Documents\\g-redirect-remaster\\backend\\vendor\\illuminate\\database\\Console\\Migrations\\MigrateCommand.php(82): Illuminate\\Database\\Console\\Migrations\\MigrateCommand->prepareDatabase()
#12 C:\\Users\\Wener\\Documents\\g-redirect-remaster\\backend\\vendor\\illuminate\\database\\Migrations\\Migrator.php(626): Illuminate\\Database\\Console\\Migrations\\MigrateCommand->Illuminate\\Database\\Console\\Migrations\\{closure}()
#13 C:\\Users\\Wener\\Documents\\g-redirect-remaster\\backend\\vendor\\illuminate\\database\\Console\\Migrations\\MigrateCommand.php(102): Illuminate\\Database\\Migrations\\Migrator->usingConnection(NULL, Object(Closure))
#14 C:\\Users\\Wener\\Documents\\g-redirect-remaster\\backend\\vendor\\illuminate\\container\\BoundMethod.php(36): Illuminate\\Database\\Console\\Migrations\\MigrateCommand->handle()
#15 C:\\Users\\Wener\\Documents\\g-redirect-remaster\\backend\\vendor\\illuminate\\container\\Util.php(41): Illuminate\\Container\\BoundMethod::Illuminate\\Container\\{closure}()
#16 C:\\Users\\Wener\\Documents\\g-redirect-remaster\\backend\\vendor\\illuminate\\container\\BoundMethod.php(93): Illuminate\\Container\\Util::unwrapIfClosure(Object(Closure))
#17 C:\\Users\\Wener\\Documents\\g-redirect-remaster\\backend\\vendor\\illuminate\\container\\BoundMethod.php(37): Illuminate\\Container\\BoundMethod::callBoundMethod(Object(Laravel\\Lumen\\Application), Array, Object(Closure))
#18 C:\\Users\\Wener\\Documents\\g-redirect-remaster\\backend\\vendor\\illuminate\\container\\Container.php(661): Illuminate\\Container\\BoundMethod::call(Object(Laravel\\Lumen\\Application), Array, Array, NULL)
#19 C:\\Users\\Wener\\Documents\\g-redirect-remaster\\backend\\vendor\\illuminate\\console\\Command.php(183): Illuminate\\Container\\Container->call(Array)
#20 C:\\Users\\Wener\\Documents\\g-redirect-remaster\\backend\\vendor\\symfony\\console\\Command\\Command.php(312): Illuminate\\Console\\Command->execute(Object(Symfony\\Component\\Console\\Input\\ArgvInput), Object(Illuminate\\Console\\OutputStyle))
#21 C:\\Users\\Wener\\Documents\\g-redirect-remaster\\backend\\vendor\\illuminate\\console\\Command.php(153): Symfony\\Component\\Console\\Command\\Command->run(Object(Symfony\\Component\\Console\\Input\\ArgvInput), Object(Illuminate\\Console\\OutputStyle))
#22 C:\\Users\\Wener\\Documents\\g-redirect-remaster\\backend\\vendor\\symfony\\console\\Application.php(1022): Illuminate\\Console\\Command->run(Object(Symfony\\Component\\Console\\Input\\ArgvInput), Object(Symfony\\Component\\Console\\Output\\ConsoleOutput))
#23 C:\\Users\\Wener\\Documents\\g-redirect-remaster\\backend\\vendor\\symfony\\console\\Application.php(314): Symfony\\Component\\Console\\Application->doRunCommand(Object(Illuminate\\Database\\Console\\Migrations\\MigrateCommand), Object(Symfony\\Component\\Console\\Input\\ArgvInput), Object(Symfony\\Component\\Console\\Output\\ConsoleOutput))
#24 C:\\Users\\Wener\\Documents\\g-redirect-remaster\\backend\\vendor\\symfony\\console\\Application.php(168): Symfony\\Component\\Console\\Application->doRun(Object(Symfony\\Component\\Console\\Input\\ArgvInput), Object(Symfony\\Component\\Console\\Output\\ConsoleOutput))
#25 C:\\Users\\Wener\\Documents\\g-redirect-remaster\\backend\\vendor\\illuminate\\console\\Application.php(102): Symfony\\Component\\Console\\Application->run(Object(Symfony\\Component\\Console\\Input\\ArgvInput), Object(Symfony\\Component\\Console\\Output\\ConsoleOutput))
#26 C:\\Users\\Wener\\Documents\\g-redirect-remaster\\backend\\vendor\\laravel\\lumen-framework\\src\\Console\\Kernel.php(116): Illuminate\\Console\\Application->run(Object(Symfony\\Component\\Console\\Input\\ArgvInput), Object(Symfony\\Component\\Console\\Output\\ConsoleOutput))
#27 C:\\Users\\Wener\\Documents\\g-redirect-remaster\\backend\\artisan(35): Laravel\\Lumen\\Console\\Kernel->handle(Object(Symfony\\Component\\Console\\Input\\ArgvInput), Object(Symfony\\Component\\Console\\Output\\ConsoleOutput))
#28 {main}
"} 
[2023-02-21 01:00:41] local.ERROR: SQLSTATE[42S02]: Base table or view not found: 1932 Table 'jwt.users' doesn't exist in engine (SQL: select * from `users` where `email` = eric@gmail.com limit 1) {"exception":"[object] (Illuminate\\Database\\QueryException(code: 42S02): SQLSTATE[42S02]: Base table or view not found: 1932 Table 'jwt.users' doesn't exist in engine (SQL: select * from `users` where `email` = eric@gmail.com limit 1) at C:\\Users\\Wener\\Documents\\g-redirect-remaster\\backend\\vendor\\illuminate\\database\\Connection.php:760)
[stacktrace]
#0 C:\\Users\\Wener\\Documents\\g-redirect-remaster\\backend\\vendor\\illuminate\\database\\Connection.php(720): Illuminate\\Database\\Connection->runQueryCallback('select * from `...', Array, Object(Closure))
#1 C:\\Users\\Wener\\Documents\\g-redirect-remaster\\backend\\vendor\\illuminate\\database\\Connection.php(422): Illuminate\\Database\\Connection->run('select * from `...', Array, Object(Closure))
#2 C:\\Users\\Wener\\Documents\\g-redirect-remaster\\backend\\vendor\\illuminate\\database\\Query\\Builder.php(2706): Illuminate\\Database\\Connection->select('select * from `...', Array, true)
#3 C:\\Users\\Wener\\Documents\\g-redirect-remaster\\backend\\vendor\\illuminate\\database\\Query\\Builder.php(2694): Illuminate\\Database\\Query\\Builder->runSelect()
#4 C:\\Users\\Wener\\Documents\\g-redirect-remaster\\backend\\vendor\\illuminate\\database\\Query\\Builder.php(3230): Illuminate\\Database\\Query\\Builder->Illuminate\\Database\\Query\\{closure}()
#5 C:\\Users\\Wener\\Documents\\g-redirect-remaster\\backend\\vendor\\illuminate\\database\\Query\\Builder.php(2695): Illuminate\\Database\\Query\\Builder->onceWithColumns(Array, Object(Closure))
#6 C:\\Users\\Wener\\Documents\\g-redirect-remaster\\backend\\vendor\\illuminate\\database\\Eloquent\\Builder.php(710): Illuminate\\Database\\Query\\Builder->get(Array)
#7 C:\\Users\\Wener\\Documents\\g-redirect-remaster\\backend\\vendor\\illuminate\\database\\Eloquent\\Builder.php(694): Illuminate\\Database\\Eloquent\\Builder->getModels(Array)
#8 C:\\Users\\Wener\\Documents\\g-redirect-remaster\\backend\\vendor\\illuminate\\database\\Concerns\\BuildsQueries.php(296): Illuminate\\Database\\Eloquent\\Builder->get(Array)
#9 C:\\Users\\Wener\\Documents\\g-redirect-remaster\\backend\\vendor\\illuminate\\auth\\EloquentUserProvider.php(139): Illuminate\\Database\\Eloquent\\Builder->first()
#10 C:\\Users\\Wener\\Documents\\g-redirect-remaster\\backend\\vendor\\tymon\\jwt-auth\\src\\JWTGuard.php(121): Illuminate\\Auth\\EloquentUserProvider->retrieveByCredentials(Array)
#11 C:\\Users\\Wener\\Documents\\g-redirect-remaster\\backend\\vendor\\illuminate\\auth\\AuthManager.php(340): Tymon\\JWTAuth\\JWTGuard->attempt(Array)
#12 C:\\Users\\Wener\\Documents\\g-redirect-remaster\\backend\\vendor\\illuminate\\support\\Facades\\Facade.php(338): Illuminate\\Auth\\AuthManager->__call('attempt', Array)
#13 C:\\Users\\Wener\\Documents\\g-redirect-remaster\\backend\\app\\Http\\Controllers\\UserController.php(25): Illuminate\\Support\\Facades\\Facade::__callStatic('attempt', Array)
#14 C:\\Users\\Wener\\Documents\\g-redirect-remaster\\backend\\vendor\\illuminate\\container\\BoundMethod.php(36): App\\Http\\Controllers\\UserController->login(Object(Laravel\\Lumen\\Http\\Request))
#15 C:\\Users\\Wener\\Documents\\g-redirect-remaster\\backend\\vendor\\illuminate\\container\\Util.php(41): Illuminate\\Container\\BoundMethod::Illuminate\\Container\\{closure}()
#16 C:\\Users\\Wener\\Documents\\g-redirect-remaster\\backend\\vendor\\illuminate\\container\\BoundMethod.php(93): Illuminate\\Container\\Util::unwrapIfClosure(Object(Closure))
#17 C:\\Users\\Wener\\Documents\\g-redirect-remaster\\backend\\vendor\\illuminate\\container\\BoundMethod.php(37): Illuminate\\Container\\BoundMethod::callBoundMethod(Object(Laravel\\Lumen\\Application), Array, Object(Closure))
#18 C:\\Users\\Wener\\Documents\\g-redirect-remaster\\backend\\vendor\\illuminate\\container\\Container.php(661): Illuminate\\Container\\BoundMethod::call(Object(Laravel\\Lumen\\Application), Array, Array, NULL)
#19 C:\\Users\\Wener\\Documents\\g-redirect-remaster\\backend\\vendor\\laravel\\lumen-framework\\src\\Concerns\\RoutesRequests.php(391): Illuminate\\Container\\Container->call(Array, Array)
#20 C:\\Users\\Wener\\Documents\\g-redirect-remaster\\backend\\vendor\\laravel\\lumen-framework\\src\\Concerns\\RoutesRequests.php(357): Laravel\\Lumen\\Application->callControllerCallable(Array, Array)
#21 C:\\Users\\Wener\\Documents\\g-redirect-remaster\\backend\\vendor\\laravel\\lumen-framework\\src\\Concerns\\RoutesRequests.php(331): Laravel\\Lumen\\Application->callLumenController(Object(App\\Http\\Controllers\\UserController), 'login', Array)
#22 C:\\Users\\Wener\\Documents\\g-redirect-remaster\\backend\\vendor\\laravel\\lumen-framework\\src\\Concerns\\RoutesRequests.php(284): Laravel\\Lumen\\Application->callControllerAction(Array)
#23 C:\\Users\\Wener\\Documents\\g-redirect-remaster\\backend\\vendor\\laravel\\lumen-framework\\src\\Concerns\\RoutesRequests.php(269): Laravel\\Lumen\\Application->callActionOnArrayBasedRoute(Array)
#24 C:\\Users\\Wener\\Documents\\g-redirect-remaster\\backend\\vendor\\laravel\\lumen-framework\\src\\Concerns\\RoutesRequests.php(171): Laravel\\Lumen\\Application->handleFoundRoute(Array)
#25 C:\\Users\\Wener\\Documents\\g-redirect-remaster\\backend\\vendor\\laravel\\lumen-framework\\src\\Concerns\\RoutesRequests.php(431): Laravel\\Lumen\\Application->Laravel\\Lumen\\Concerns\\{closure}(Object(Laravel\\Lumen\\Http\\Request))
#26 C:\\Users\\Wener\\Documents\\g-redirect-remaster\\backend\\vendor\\laravel\\lumen-framework\\src\\Concerns\\RoutesRequests.php(177): Laravel\\Lumen\\Application->sendThroughPipeline(Array, Object(Closure))
#27 C:\\Users\\Wener\\Documents\\g-redirect-remaster\\backend\\vendor\\laravel\\lumen-framework\\src\\Concerns\\RoutesRequests.php(112): Laravel\\Lumen\\Application->dispatch(NULL)
#28 C:\\Users\\Wener\\Documents\\g-redirect-remaster\\backend\\public\\index.php(28): Laravel\\Lumen\\Application->run()
#29 {main}

[previous exception] [object] (PDOException(code: 42S02): SQLSTATE[42S02]: Base table or view not found: 1932 Table 'jwt.users' doesn't exist in engine at C:\\Users\\Wener\\Documents\\g-redirect-remaster\\backend\\vendor\\illuminate\\database\\Connection.php:414)
[stacktrace]
#0 C:\\Users\\Wener\\Documents\\g-redirect-remaster\\backend\\vendor\\illuminate\\database\\Connection.php(414): PDO->prepare('select * from `...')
#1 C:\\Users\\Wener\\Documents\\g-redirect-remaster\\backend\\vendor\\illuminate\\database\\Connection.php(753): Illuminate\\Database\\Connection->Illuminate\\Database\\{closure}('select * from `...', Array)
#2 C:\\Users\\Wener\\Documents\\g-redirect-remaster\\backend\\vendor\\illuminate\\database\\Connection.php(720): Illuminate\\Database\\Connection->runQueryCallback('select * from `...', Array, Object(Closure))
#3 C:\\Users\\Wener\\Documents\\g-redirect-remaster\\backend\\vendor\\illuminate\\database\\Connection.php(422): Illuminate\\Database\\Connection->run('select * from `...', Array, Object(Closure))
#4 C:\\Users\\Wener\\Documents\\g-redirect-remaster\\backend\\vendor\\illuminate\\database\\Query\\Builder.php(2706): Illuminate\\Database\\Connection->select('select * from `...', Array, true)
#5 C:\\Users\\Wener\\Documents\\g-redirect-remaster\\backend\\vendor\\illuminate\\database\\Query\\Builder.php(2694): Illuminate\\Database\\Query\\Builder->runSelect()
#6 C:\\Users\\Wener\\Documents\\g-redirect-remaster\\backend\\vendor\\illuminate\\database\\Query\\Builder.php(3230): Illuminate\\Database\\Query\\Builder->Illuminate\\Database\\Query\\{closure}()
#7 C:\\Users\\Wener\\Documents\\g-redirect-remaster\\backend\\vendor\\illuminate\\database\\Query\\Builder.php(2695): Illuminate\\Database\\Query\\Builder->onceWithColumns(Array, Object(Closure))
#8 C:\\Users\\Wener\\Documents\\g-redirect-remaster\\backend\\vendor\\illuminate\\database\\Eloquent\\Builder.php(710): Illuminate\\Database\\Query\\Builder->get(Array)
#9 C:\\Users\\Wener\\Documents\\g-redirect-remaster\\backend\\vendor\\illuminate\\database\\Eloquent\\Builder.php(694): Illuminate\\Database\\Eloquent\\Builder->getModels(Array)
#10 C:\\Users\\Wener\\Documents\\g-redirect-remaster\\backend\\vendor\\illuminate\\database\\Concerns\\BuildsQueries.php(296): Illuminate\\Database\\Eloquent\\Builder->get(Array)
#11 C:\\Users\\Wener\\Documents\\g-redirect-remaster\\backend\\vendor\\illuminate\\auth\\EloquentUserProvider.php(139): Illuminate\\Database\\Eloquent\\Builder->first()
#12 C:\\Users\\Wener\\Documents\\g-redirect-remaster\\backend\\vendor\\tymon\\jwt-auth\\src\\JWTGuard.php(121): Illuminate\\Auth\\EloquentUserProvider->retrieveByCredentials(Array)
#13 C:\\Users\\Wener\\Documents\\g-redirect-remaster\\backend\\vendor\\illuminate\\auth\\AuthManager.php(340): Tymon\\JWTAuth\\JWTGuard->attempt(Array)
#14 C:\\Users\\Wener\\Documents\\g-redirect-remaster\\backend\\vendor\\illuminate\\support\\Facades\\Facade.php(338): Illuminate\\Auth\\AuthManager->__call('attempt', Array)
#15 C:\\Users\\Wener\\Documents\\g-redirect-remaster\\backend\\app\\Http\\Controllers\\UserController.php(25): Illuminate\\Support\\Facades\\Facade::__callStatic('attempt', Array)
#16 C:\\Users\\Wener\\Documents\\g-redirect-remaster\\backend\\vendor\\illuminate\\container\\BoundMethod.php(36): App\\Http\\Controllers\\UserController->login(Object(Laravel\\Lumen\\Http\\Request))
#17 C:\\Users\\Wener\\Documents\\g-redirect-remaster\\backend\\vendor\\illuminate\\container\\Util.php(41): Illuminate\\Container\\BoundMethod::Illuminate\\Container\\{closure}()
#18 C:\\Users\\Wener\\Documents\\g-redirect-remaster\\backend\\vendor\\illuminate\\container\\BoundMethod.php(93): Illuminate\\Container\\Util::unwrapIfClosure(Object(Closure))
#19 C:\\Users\\Wener\\Documents\\g-redirect-remaster\\backend\\vendor\\illuminate\\container\\BoundMethod.php(37): Illuminate\\Container\\BoundMethod::callBoundMethod(Object(Laravel\\Lumen\\Application), Array, Object(Closure))
#20 C:\\Users\\Wener\\Documents\\g-redirect-remaster\\backend\\vendor\\illuminate\\container\\Container.php(661): Illuminate\\Container\\BoundMethod::call(Object(Laravel\\Lumen\\Application), Array, Array, NULL)
#21 C:\\Users\\Wener\\Documents\\g-redirect-remaster\\backend\\vendor\\laravel\\lumen-framework\\src\\Concerns\\RoutesRequests.php(391): Illuminate\\Container\\Container->call(Array, Array)
#22 C:\\Users\\Wener\\Documents\\g-redirect-remaster\\backend\\vendor\\laravel\\lumen-framework\\src\\Concerns\\RoutesRequests.php(357): Laravel\\Lumen\\Application->callControllerCallable(Array, Array)
#23 C:\\Users\\Wener\\Documents\\g-redirect-remaster\\backend\\vendor\\laravel\\lumen-framework\\src\\Concerns\\RoutesRequests.php(331): Laravel\\Lumen\\Application->callLumenController(Object(App\\Http\\Controllers\\UserController), 'login', Array)
#24 C:\\Users\\Wener\\Documents\\g-redirect-remaster\\backend\\vendor\\laravel\\lumen-framework\\src\\Concerns\\RoutesRequests.php(284): Laravel\\Lumen\\Application->callControllerAction(Array)
#25 C:\\Users\\Wener\\Documents\\g-redirect-remaster\\backend\\vendor\\laravel\\lumen-framework\\src\\Concerns\\RoutesRequests.php(269): Laravel\\Lumen\\Application->callActionOnArrayBasedRoute(Array)
#26 C:\\Users\\Wener\\Documents\\g-redirect-remaster\\backend\\vendor\\laravel\\lumen-framework\\src\\Concerns\\RoutesRequests.php(171): Laravel\\Lumen\\Application->handleFoundRoute(Array)
#27 C:\\Users\\Wener\\Documents\\g-redirect-remaster\\backend\\vendor\\laravel\\lumen-framework\\src\\Concerns\\RoutesRequests.php(431): Laravel\\Lumen\\Application->Laravel\\Lumen\\Concerns\\{closure}(Object(Laravel\\Lumen\\Http\\Request))
#28 C:\\Users\\Wener\\Documents\\g-redirect-remaster\\backend\\vendor\\laravel\\lumen-framework\\src\\Concerns\\RoutesRequests.php(177): Laravel\\Lumen\\Application->sendThroughPipeline(Array, Object(Closure))
#29 C:\\Users\\Wener\\Documents\\g-redirect-remaster\\backend\\vendor\\laravel\\lumen-framework\\src\\Concerns\\RoutesRequests.php(112): Laravel\\Lumen\\Application->dispatch(NULL)
#30 C:\\Users\\Wener\\Documents\\g-redirect-remaster\\backend\\public\\index.php(28): Laravel\\Lumen\\Application->run()
#31 {main}
"} 
[2023-02-21 01:15:08] local.ERROR: SQLSTATE[42S22]: Column not found: 1054 Unknown column 'link_base' in 'field list' (SQL: update `base_links` set `name` = Meu redirect, `link_base` = youtube.com, `base_links`.`updated_at` = 2023-02-21 01:15:08 where (`id` = 1 and `user_id` = 1)) {"exception":"[object] (Illuminate\\Database\\QueryException(code: 42S22): SQLSTATE[42S22]: Column not found: 1054 Unknown column 'link_base' in 'field list' (SQL: update `base_links` set `name` = Meu redirect, `link_base` = youtube.com, `base_links`.`updated_at` = 2023-02-21 01:15:08 where (`id` = 1 and `user_id` = 1)) at C:\\Users\\Wener\\Documents\\g-redirect-remaster\\backend\\vendor\\illuminate\\database\\Connection.php:760)
[stacktrace]
#0 C:\\Users\\Wener\\Documents\\g-redirect-remaster\\backend\\vendor\\illuminate\\database\\Connection.php(720): Illuminate\\Database\\Connection->runQueryCallback('update `base_li...', Array, Object(Closure))
#1 C:\\Users\\Wener\\Documents\\g-redirect-remaster\\backend\\vendor\\illuminate\\database\\Connection.php(558): Illuminate\\Database\\Connection->run('update `base_li...', Array, Object(Closure))
#2 C:\\Users\\Wener\\Documents\\g-redirect-remaster\\backend\\vendor\\illuminate\\database\\Connection.php(510): Illuminate\\Database\\Connection->affectingStatement('update `base_li...', Array)
#3 C:\\Users\\Wener\\Documents\\g-redirect-remaster\\backend\\vendor\\illuminate\\database\\Query\\Builder.php(3356): Illuminate\\Database\\Connection->update('update `base_li...', Array)
#4 C:\\Users\\Wener\\Documents\\g-redirect-remaster\\backend\\vendor\\illuminate\\database\\Eloquent\\Builder.php(1011): Illuminate\\Database\\Query\\Builder->update(Array)
#5 C:\\Users\\Wener\\Documents\\g-redirect-remaster\\backend\\app\\Http\\Controllers\\LinkController.php(67): Illuminate\\Database\\Eloquent\\Builder->update(Array)
#6 C:\\Users\\Wener\\Documents\\g-redirect-remaster\\backend\\vendor\\illuminate\\container\\BoundMethod.php(36): App\\Http\\Controllers\\LinkController->update(Object(Laravel\\Lumen\\Http\\Request), '1')
#7 C:\\Users\\Wener\\Documents\\g-redirect-remaster\\backend\\vendor\\illuminate\\container\\Util.php(41): Illuminate\\Container\\BoundMethod::Illuminate\\Container\\{closure}()
#8 C:\\Users\\Wener\\Documents\\g-redirect-remaster\\backend\\vendor\\illuminate\\container\\BoundMethod.php(93): Illuminate\\Container\\Util::unwrapIfClosure(Object(Closure))
#9 C:\\Users\\Wener\\Documents\\g-redirect-remaster\\backend\\vendor\\illuminate\\container\\BoundMethod.php(35): Illuminate\\Container\\BoundMethod::callBoundMethod(Object(Laravel\\Lumen\\Application), Array, Object(Closure))
#10 C:\\Users\\Wener\\Documents\\g-redirect-remaster\\backend\\vendor\\illuminate\\container\\Container.php(661): Illuminate\\Container\\BoundMethod::call(Object(Laravel\\Lumen\\Application), Array, Array, NULL)
#11 C:\\Users\\Wener\\Documents\\g-redirect-remaster\\backend\\vendor\\laravel\\lumen-framework\\src\\Concerns\\RoutesRequests.php(391): Illuminate\\Container\\Container->call(Array, Array)
#12 C:\\Users\\Wener\\Documents\\g-redirect-remaster\\backend\\vendor\\laravel\\lumen-framework\\src\\Concerns\\RoutesRequests.php(356): Laravel\\Lumen\\Application->callControllerCallable(Array, Array)
#13 C:\\Users\\Wener\\Documents\\g-redirect-remaster\\backend\\vendor\\laravel\\lumen-framework\\src\\Concerns\\RoutesRequests.php(331): Laravel\\Lumen\\Application->callLumenController(Object(App\\Http\\Controllers\\LinkController), 'update', Array)
#14 C:\\Users\\Wener\\Documents\\g-redirect-remaster\\backend\\vendor\\laravel\\lumen-framework\\src\\Concerns\\RoutesRequests.php(284): Laravel\\Lumen\\Application->callControllerAction(Array)
#15 C:\\Users\\Wener\\Documents\\g-redirect-remaster\\backend\\vendor\\laravel\\lumen-framework\\src\\Concerns\\RoutesRequests.php(264): Laravel\\Lumen\\Application->callActionOnArrayBasedRoute(Array)
#16 C:\\Users\\Wener\\Documents\\g-redirect-remaster\\backend\\vendor\\laravel\\lumen-framework\\src\\Routing\\Pipeline.php(48): Laravel\\Lumen\\Application->Laravel\\Lumen\\Concerns\\{closure}(Object(Laravel\\Lumen\\Http\\Request))
#17 C:\\Users\\Wener\\Documents\\g-redirect-remaster\\backend\\app\\Http\\Middleware\\JwtMiddleware.php(26): Laravel\\Lumen\\Routing\\Pipeline->Laravel\\Lumen\\Routing\\{closure}(Object(Laravel\\Lumen\\Http\\Request))
#18 C:\\Users\\Wener\\Documents\\g-redirect-remaster\\backend\\vendor\\illuminate\\pipeline\\Pipeline.php(180): App\\Http\\Middleware\\JwtMiddleware->handle(Object(Laravel\\Lumen\\Http\\Request), Object(Closure))
#19 C:\\Users\\Wener\\Documents\\g-redirect-remaster\\backend\\vendor\\laravel\\lumen-framework\\src\\Routing\\Pipeline.php(30): Illuminate\\Pipeline\\Pipeline->Illuminate\\Pipeline\\{closure}(Object(Laravel\\Lumen\\Http\\Request))
#20 C:\\Users\\Wener\\Documents\\g-redirect-remaster\\backend\\vendor\\illuminate\\pipeline\\Pipeline.php(116): Laravel\\Lumen\\Routing\\Pipeline->Laravel\\Lumen\\Routing\\{closure}(Object(Laravel\\Lumen\\Http\\Request))
#21 C:\\Users\\Wener\\Documents\\g-redirect-remaster\\backend\\vendor\\laravel\\lumen-framework\\src\\Concerns\\RoutesRequests.php(428): Illuminate\\Pipeline\\Pipeline->then(Object(Closure))
#22 C:\\Users\\Wener\\Documents\\g-redirect-remaster\\backend\\vendor\\laravel\\lumen-framework\\src\\Concerns\\RoutesRequests.php(263): Laravel\\Lumen\\Application->sendThroughPipeline(Array, Object(Closure))
#23 C:\\Users\\Wener\\Documents\\g-redirect-remaster\\backend\\vendor\\laravel\\lumen-framework\\src\\Concerns\\RoutesRequests.php(239): Laravel\\Lumen\\Application->handleFoundRoute(Array)
#24 C:\\Users\\Wener\\Documents\\g-redirect-remaster\\backend\\vendor\\laravel\\lumen-framework\\src\\Concerns\\RoutesRequests.php(174): Laravel\\Lumen\\Application->handleDispatcherResponse(Array)
#25 C:\\Users\\Wener\\Documents\\g-redirect-remaster\\backend\\vendor\\laravel\\lumen-framework\\src\\Concerns\\RoutesRequests.php(431): Laravel\\Lumen\\Application->Laravel\\Lumen\\Concerns\\{closure}(Object(Laravel\\Lumen\\Http\\Request))
#26 C:\\Users\\Wener\\Documents\\g-redirect-remaster\\backend\\vendor\\laravel\\lumen-framework\\src\\Concerns\\RoutesRequests.php(167): Laravel\\Lumen\\Application->sendThroughPipeline(Array, Object(Closure))
#27 C:\\Users\\Wener\\Documents\\g-redirect-remaster\\backend\\vendor\\laravel\\lumen-framework\\src\\Concerns\\RoutesRequests.php(112): Laravel\\Lumen\\Application->dispatch(NULL)
#28 C:\\Users\\Wener\\Documents\\g-redirect-remaster\\backend\\public\\index.php(28): Laravel\\Lumen\\Application->run()
#29 {main}

[previous exception] [object] (PDOException(code: 42S22): SQLSTATE[42S22]: Column not found: 1054 Unknown column 'link_base' in 'field list' at C:\\Users\\Wener\\Documents\\g-redirect-remaster\\backend\\vendor\\illuminate\\database\\Connection.php:566)
[stacktrace]
#0 C:\\Users\\Wener\\Documents\\g-redirect-remaster\\backend\\vendor\\illuminate\\database\\Connection.php(566): PDO->prepare('update `base_li...')
#1 C:\\Users\\Wener\\Documents\\g-redirect-remaster\\backend\\vendor\\illuminate\\database\\Connection.php(753): Illuminate\\Database\\Connection->Illuminate\\Database\\{closure}('update `base_li...', Array)
#2 C:\\Users\\Wener\\Documents\\g-redirect-remaster\\backend\\vendor\\illuminate\\database\\Connection.php(720): Illuminate\\Database\\Connection->runQueryCallback('update `base_li...', Array, Object(Closure))
#3 C:\\Users\\Wener\\Documents\\g-redirect-remaster\\backend\\vendor\\illuminate\\database\\Connection.php(558): Illuminate\\Database\\Connection->run('update `base_li...', Array, Object(Closure))
#4 C:\\Users\\Wener\\Documents\\g-redirect-remaster\\backend\\vendor\\illuminate\\database\\Connection.php(510): Illuminate\\Database\\Connection->affectingStatement('update `base_li...', Array)
#5 C:\\Users\\Wener\\Documents\\g-redirect-remaster\\backend\\vendor\\illuminate\\database\\Query\\Builder.php(3356): Illuminate\\Database\\Connection->update('update `base_li...', Array)
#6 C:\\Users\\Wener\\Documents\\g-redirect-remaster\\backend\\vendor\\illuminate\\database\\Eloquent\\Builder.php(1011): Illuminate\\Database\\Query\\Builder->update(Array)
#7 C:\\Users\\Wener\\Documents\\g-redirect-remaster\\backend\\app\\Http\\Controllers\\LinkController.php(67): Illuminate\\Database\\Eloquent\\Builder->update(Array)
#8 C:\\Users\\Wener\\Documents\\g-redirect-remaster\\backend\\vendor\\illuminate\\container\\BoundMethod.php(36): App\\Http\\Controllers\\LinkController->update(Object(Laravel\\Lumen\\Http\\Request), '1')
#9 C:\\Users\\Wener\\Documents\\g-redirect-remaster\\backend\\vendor\\illuminate\\container\\Util.php(41): Illuminate\\Container\\BoundMethod::Illuminate\\Container\\{closure}()
#10 C:\\Users\\Wener\\Documents\\g-redirect-remaster\\backend\\vendor\\illuminate\\container\\BoundMethod.php(93): Illuminate\\Container\\Util::unwrapIfClosure(Object(Closure))
#11 C:\\Users\\Wener\\Documents\\g-redirect-remaster\\backend\\vendor\\illuminate\\container\\BoundMethod.php(35): Illuminate\\Container\\BoundMethod::callBoundMethod(Object(Laravel\\Lumen\\Application), Array, Object(Closure))
#12 C:\\Users\\Wener\\Documents\\g-redirect-remaster\\backend\\vendor\\illuminate\\container\\Container.php(661): Illuminate\\Container\\BoundMethod::call(Object(Laravel\\Lumen\\Application), Array, Array, NULL)
#13 C:\\Users\\Wener\\Documents\\g-redirect-remaster\\backend\\vendor\\laravel\\lumen-framework\\src\\Concerns\\RoutesRequests.php(391): Illuminate\\Container\\Container->call(Array, Array)
#14 C:\\Users\\Wener\\Documents\\g-redirect-remaster\\backend\\vendor\\laravel\\lumen-framework\\src\\Concerns\\RoutesRequests.php(356): Laravel\\Lumen\\Application->callControllerCallable(Array, Array)
#15 C:\\Users\\Wener\\Documents\\g-redirect-remaster\\backend\\vendor\\laravel\\lumen-framework\\src\\Concerns\\RoutesRequests.php(331): Laravel\\Lumen\\Application->callLumenController(Object(App\\Http\\Controllers\\LinkController), 'update', Array)
#16 C:\\Users\\Wener\\Documents\\g-redirect-remaster\\backend\\vendor\\laravel\\lumen-framework\\src\\Concerns\\RoutesRequests.php(284): Laravel\\Lumen\\Application->callControllerAction(Array)
#17 C:\\Users\\Wener\\Documents\\g-redirect-remaster\\backend\\vendor\\laravel\\lumen-framework\\src\\Concerns\\RoutesRequests.php(264): Laravel\\Lumen\\Application->callActionOnArrayBasedRoute(Array)
#18 C:\\Users\\Wener\\Documents\\g-redirect-remaster\\backend\\vendor\\laravel\\lumen-framework\\src\\Routing\\Pipeline.php(48): Laravel\\Lumen\\Application->Laravel\\Lumen\\Concerns\\{closure}(Object(Laravel\\Lumen\\Http\\Request))
#19 C:\\Users\\Wener\\Documents\\g-redirect-remaster\\backend\\app\\Http\\Middleware\\JwtMiddleware.php(26): Laravel\\Lumen\\Routing\\Pipeline->Laravel\\Lumen\\Routing\\{closure}(Object(Laravel\\Lumen\\Http\\Request))
#20 C:\\Users\\Wener\\Documents\\g-redirect-remaster\\backend\\vendor\\illuminate\\pipeline\\Pipeline.php(180): App\\Http\\Middleware\\JwtMiddleware->handle(Object(Laravel\\Lumen\\Http\\Request), Object(Closure))
#21 C:\\Users\\Wener\\Documents\\g-redirect-remaster\\backend\\vendor\\laravel\\lumen-framework\\src\\Routing\\Pipeline.php(30): Illuminate\\Pipeline\\Pipeline->Illuminate\\Pipeline\\{closure}(Object(Laravel\\Lumen\\Http\\Request))
#22 C:\\Users\\Wener\\Documents\\g-redirect-remaster\\backend\\vendor\\illuminate\\pipeline\\Pipeline.php(116): Laravel\\Lumen\\Routing\\Pipeline->Laravel\\Lumen\\Routing\\{closure}(Object(Laravel\\Lumen\\Http\\Request))
#23 C:\\Users\\Wener\\Documents\\g-redirect-remaster\\backend\\vendor\\laravel\\lumen-framework\\src\\Concerns\\RoutesRequests.php(428): Illuminate\\Pipeline\\Pipeline->then(Object(Closure))
#24 C:\\Users\\Wener\\Documents\\g-redirect-remaster\\backend\\vendor\\laravel\\lumen-framework\\src\\Concerns\\RoutesRequests.php(263): Laravel\\Lumen\\Application->sendThroughPipeline(Array, Object(Closure))
#25 C:\\Users\\Wener\\Documents\\g-redirect-remaster\\backend\\vendor\\laravel\\lumen-framework\\src\\Concerns\\RoutesRequests.php(239): Laravel\\Lumen\\Application->handleFoundRoute(Array)
#26 C:\\Users\\Wener\\Documents\\g-redirect-remaster\\backend\\vendor\\laravel\\lumen-framework\\src\\Concerns\\RoutesRequests.php(174): Laravel\\Lumen\\Application->handleDispatcherResponse(Array)
#27 C:\\Users\\Wener\\Documents\\g-redirect-remaster\\backend\\vendor\\laravel\\lumen-framework\\src\\Concerns\\RoutesRequests.php(431): Laravel\\Lumen\\Application->Laravel\\Lumen\\Concerns\\{closure}(Object(Laravel\\Lumen\\Http\\Request))
#28 C:\\Users\\Wener\\Documents\\g-redirect-remaster\\backend\\vendor\\laravel\\lumen-framework\\src\\Concerns\\RoutesRequests.php(167): Laravel\\Lumen\\Application->sendThroughPipeline(Array, Object(Closure))
#29 C:\\Users\\Wener\\Documents\\g-redirect-remaster\\backend\\vendor\\laravel\\lumen-framework\\src\\Concerns\\RoutesRequests.php(112): Laravel\\Lumen\\Application->dispatch(NULL)
#30 C:\\Users\\Wener\\Documents\\g-redirect-remaster\\backend\\public\\index.php(28): Laravel\\Lumen\\Application->run()
#31 {main}
"} 
