[2023-02-19 03:05:53] local.ERROR: Target class [App\Http\Controllers\UerController] does not exist. {"exception":"[object] (Illuminate\\Contracts\\Container\\BindingResolutionException(code: 0): Target class [App\\Http\\Controllers\\UerController] does not exist. at F:\\Documents\\projetos\\g-redirect remaster\\backend\\vendor\\illuminate\\container\\Container.php:891)
[stacktrace]
#0 F:\\Documents\\projetos\\g-redirect remaster\\backend\\vendor\\illuminate\\container\\Container.php(770): Illuminate\\Container\\Container->build('App\\\\Http\\\\Contro...')
#1 F:\\Documents\\projetos\\g-redirect remaster\\backend\\vendor\\illuminate\\container\\Container.php(706): Illuminate\\Container\\Container->resolve('App\\\\Http\\\\Contro...', Array)
#2 F:\\Documents\\projetos\\g-redirect remaster\\backend\\vendor\\laravel\\lumen-framework\\src\\Application.php(307): Illuminate\\Container\\Container->make('App\\\\Http\\\\Contro...', Array)
#3 F:\\Documents\\projetos\\g-redirect remaster\\backend\\vendor\\laravel\\lumen-framework\\src\\Concerns\\RoutesRequests.php(326): Laravel\\Lumen\\Application->make('App\\\\Http\\\\Contro...')
#4 F:\\Documents\\projetos\\g-redirect remaster\\backend\\vendor\\laravel\\lumen-framework\\src\\Concerns\\RoutesRequests.php(284): Laravel\\Lumen\\Application->callControllerAction(Array)
#5 F:\\Documents\\projetos\\g-redirect remaster\\backend\\vendor\\laravel\\lumen-framework\\src\\Concerns\\RoutesRequests.php(264): Laravel\\Lumen\\Application->callActionOnArrayBasedRoute(Array)
#6 F:\\Documents\\projetos\\g-redirect remaster\\backend\\vendor\\laravel\\lumen-framework\\src\\Routing\\Pipeline.php(48): Laravel\\Lumen\\Application->Laravel\\Lumen\\Concerns\\{closure}(Object(Laravel\\Lumen\\Http\\Request))
#7 F:\\Documents\\projetos\\g-redirect remaster\\backend\\app\\Http\\Middleware\\JwtMiddleware.php(26): Laravel\\Lumen\\Routing\\Pipeline->Laravel\\Lumen\\Routing\\{closure}(Object(Laravel\\Lumen\\Http\\Request))
#8 F:\\Documents\\projetos\\g-redirect remaster\\backend\\vendor\\illuminate\\pipeline\\Pipeline.php(180): App\\Http\\Middleware\\JwtMiddleware->handle(Object(Laravel\\Lumen\\Http\\Request), Object(Closure))
#9 F:\\Documents\\projetos\\g-redirect remaster\\backend\\vendor\\laravel\\lumen-framework\\src\\Routing\\Pipeline.php(30): Illuminate\\Pipeline\\Pipeline->Illuminate\\Pipeline\\{closure}(Object(Laravel\\Lumen\\Http\\Request))
#10 F:\\Documents\\projetos\\g-redirect remaster\\backend\\vendor\\illuminate\\pipeline\\Pipeline.php(116): Laravel\\Lumen\\Routing\\Pipeline->Laravel\\Lumen\\Routing\\{closure}(Object(Laravel\\Lumen\\Http\\Request))
#11 F:\\Documents\\projetos\\g-redirect remaster\\backend\\vendor\\laravel\\lumen-framework\\src\\Concerns\\RoutesRequests.php(428): Illuminate\\Pipeline\\Pipeline->then(Object(Closure))
#12 F:\\Documents\\projetos\\g-redirect remaster\\backend\\vendor\\laravel\\lumen-framework\\src\\Concerns\\RoutesRequests.php(263): Laravel\\Lumen\\Application->sendThroughPipeline(Array, Object(Closure))
#13 F:\\Documents\\projetos\\g-redirect remaster\\backend\\vendor\\laravel\\lumen-framework\\src\\Concerns\\RoutesRequests.php(171): Laravel\\Lumen\\Application->handleFoundRoute(Array)
#14 F:\\Documents\\projetos\\g-redirect remaster\\backend\\vendor\\laravel\\lumen-framework\\src\\Concerns\\RoutesRequests.php(431): Laravel\\Lumen\\Application->Laravel\\Lumen\\Concerns\\{closure}(Object(Laravel\\Lumen\\Http\\Request))
#15 F:\\Documents\\projetos\\g-redirect remaster\\backend\\vendor\\laravel\\lumen-framework\\src\\Concerns\\RoutesRequests.php(167): Laravel\\Lumen\\Application->sendThroughPipeline(Array, Object(Closure))
#16 F:\\Documents\\projetos\\g-redirect remaster\\backend\\vendor\\laravel\\lumen-framework\\src\\Concerns\\RoutesRequests.php(112): Laravel\\Lumen\\Application->dispatch(NULL)
#17 F:\\Documents\\projetos\\g-redirect remaster\\backend\\public\\index.php(28): Laravel\\Lumen\\Application->run()
#18 {main}

[previous exception] [object] (ReflectionException(code: -1): Class \"App\\Http\\Controllers\\UerController\" does not exist at F:\\Documents\\projetos\\g-redirect remaster\\backend\\vendor\\illuminate\\container\\Container.php:889)
[stacktrace]
#0 F:\\Documents\\projetos\\g-redirect remaster\\backend\\vendor\\illuminate\\container\\Container.php(889): ReflectionClass->__construct('App\\\\Http\\\\Contro...')
#1 F:\\Documents\\projetos\\g-redirect remaster\\backend\\vendor\\illuminate\\container\\Container.php(770): Illuminate\\Container\\Container->build('App\\\\Http\\\\Contro...')
#2 F:\\Documents\\projetos\\g-redirect remaster\\backend\\vendor\\illuminate\\container\\Container.php(706): Illuminate\\Container\\Container->resolve('App\\\\Http\\\\Contro...', Array)
#3 F:\\Documents\\projetos\\g-redirect remaster\\backend\\vendor\\laravel\\lumen-framework\\src\\Application.php(307): Illuminate\\Container\\Container->make('App\\\\Http\\\\Contro...', Array)
#4 F:\\Documents\\projetos\\g-redirect remaster\\backend\\vendor\\laravel\\lumen-framework\\src\\Concerns\\RoutesRequests.php(326): Laravel\\Lumen\\Application->make('App\\\\Http\\\\Contro...')
#5 F:\\Documents\\projetos\\g-redirect remaster\\backend\\vendor\\laravel\\lumen-framework\\src\\Concerns\\RoutesRequests.php(284): Laravel\\Lumen\\Application->callControllerAction(Array)
#6 F:\\Documents\\projetos\\g-redirect remaster\\backend\\vendor\\laravel\\lumen-framework\\src\\Concerns\\RoutesRequests.php(264): Laravel\\Lumen\\Application->callActionOnArrayBasedRoute(Array)
#7 F:\\Documents\\projetos\\g-redirect remaster\\backend\\vendor\\laravel\\lumen-framework\\src\\Routing\\Pipeline.php(48): Laravel\\Lumen\\Application->Laravel\\Lumen\\Concerns\\{closure}(Object(Laravel\\Lumen\\Http\\Request))
#8 F:\\Documents\\projetos\\g-redirect remaster\\backend\\app\\Http\\Middleware\\JwtMiddleware.php(26): Laravel\\Lumen\\Routing\\Pipeline->Laravel\\Lumen\\Routing\\{closure}(Object(Laravel\\Lumen\\Http\\Request))
#9 F:\\Documents\\projetos\\g-redirect remaster\\backend\\vendor\\illuminate\\pipeline\\Pipeline.php(180): App\\Http\\Middleware\\JwtMiddleware->handle(Object(Laravel\\Lumen\\Http\\Request), Object(Closure))
#10 F:\\Documents\\projetos\\g-redirect remaster\\backend\\vendor\\laravel\\lumen-framework\\src\\Routing\\Pipeline.php(30): Illuminate\\Pipeline\\Pipeline->Illuminate\\Pipeline\\{closure}(Object(Laravel\\Lumen\\Http\\Request))
#11 F:\\Documents\\projetos\\g-redirect remaster\\backend\\vendor\\illuminate\\pipeline\\Pipeline.php(116): Laravel\\Lumen\\Routing\\Pipeline->Laravel\\Lumen\\Routing\\{closure}(Object(Laravel\\Lumen\\Http\\Request))
#12 F:\\Documents\\projetos\\g-redirect remaster\\backend\\vendor\\laravel\\lumen-framework\\src\\Concerns\\RoutesRequests.php(428): Illuminate\\Pipeline\\Pipeline->then(Object(Closure))
#13 F:\\Documents\\projetos\\g-redirect remaster\\backend\\vendor\\laravel\\lumen-framework\\src\\Concerns\\RoutesRequests.php(263): Laravel\\Lumen\\Application->sendThroughPipeline(Array, Object(Closure))
#14 F:\\Documents\\projetos\\g-redirect remaster\\backend\\vendor\\laravel\\lumen-framework\\src\\Concerns\\RoutesRequests.php(171): Laravel\\Lumen\\Application->handleFoundRoute(Array)
#15 F:\\Documents\\projetos\\g-redirect remaster\\backend\\vendor\\laravel\\lumen-framework\\src\\Concerns\\RoutesRequests.php(431): Laravel\\Lumen\\Application->Laravel\\Lumen\\Concerns\\{closure}(Object(Laravel\\Lumen\\Http\\Request))
#16 F:\\Documents\\projetos\\g-redirect remaster\\backend\\vendor\\laravel\\lumen-framework\\src\\Concerns\\RoutesRequests.php(167): Laravel\\Lumen\\Application->sendThroughPipeline(Array, Object(Closure))
#17 F:\\Documents\\projetos\\g-redirect remaster\\backend\\vendor\\laravel\\lumen-framework\\src\\Concerns\\RoutesRequests.php(112): Laravel\\Lumen\\Application->dispatch(NULL)
#18 F:\\Documents\\projetos\\g-redirect remaster\\backend\\public\\index.php(28): Laravel\\Lumen\\Application->run()
#19 {main}
"} 
[2023-02-19 14:54:40] local.ERROR: Property [first] does not exist on the Eloquent builder instance. {"exception":"[object] (Exception(code: 0): Property [first] does not exist on the Eloquent builder instance. at F:\\Documents\\projetos\\g-redirect remaster\\backend\\vendor\\illuminate\\database\\Eloquent\\Builder.php:1830)
[stacktrace]
#0 F:\\Documents\\projetos\\g-redirect remaster\\backend\\app\\Http\\Controllers\\LinkController.php(156): Illuminate\\Database\\Eloquent\\Builder->__get('first')
#1 F:\\Documents\\projetos\\g-redirect remaster\\backend\\vendor\\illuminate\\container\\BoundMethod.php(36): App\\Http\\Controllers\\LinkController->acess('18', '30')
#2 F:\\Documents\\projetos\\g-redirect remaster\\backend\\vendor\\illuminate\\container\\Util.php(41): Illuminate\\Container\\BoundMethod::Illuminate\\Container\\{closure}()
#3 F:\\Documents\\projetos\\g-redirect remaster\\backend\\vendor\\illuminate\\container\\BoundMethod.php(93): Illuminate\\Container\\Util::unwrapIfClosure(Object(Closure))
#4 F:\\Documents\\projetos\\g-redirect remaster\\backend\\vendor\\illuminate\\container\\BoundMethod.php(35): Illuminate\\Container\\BoundMethod::callBoundMethod(Object(Laravel\\Lumen\\Application), Array, Object(Closure))
#5 F:\\Documents\\projetos\\g-redirect remaster\\backend\\vendor\\illuminate\\container\\Container.php(661): Illuminate\\Container\\BoundMethod::call(Object(Laravel\\Lumen\\Application), Array, Array, NULL)
#6 F:\\Documents\\projetos\\g-redirect remaster\\backend\\vendor\\laravel\\lumen-framework\\src\\Concerns\\RoutesRequests.php(391): Illuminate\\Container\\Container->call(Array, Array)
#7 F:\\Documents\\projetos\\g-redirect remaster\\backend\\vendor\\laravel\\lumen-framework\\src\\Concerns\\RoutesRequests.php(356): Laravel\\Lumen\\Application->callControllerCallable(Array, Array)
#8 F:\\Documents\\projetos\\g-redirect remaster\\backend\\vendor\\laravel\\lumen-framework\\src\\Concerns\\RoutesRequests.php(331): Laravel\\Lumen\\Application->callLumenController(Object(App\\Http\\Controllers\\LinkController), 'acess', Array)
#9 F:\\Documents\\projetos\\g-redirect remaster\\backend\\vendor\\laravel\\lumen-framework\\src\\Concerns\\RoutesRequests.php(284): Laravel\\Lumen\\Application->callControllerAction(Array)
#10 F:\\Documents\\projetos\\g-redirect remaster\\backend\\vendor\\laravel\\lumen-framework\\src\\Concerns\\RoutesRequests.php(264): Laravel\\Lumen\\Application->callActionOnArrayBasedRoute(Array)
#11 F:\\Documents\\projetos\\g-redirect remaster\\backend\\vendor\\laravel\\lumen-framework\\src\\Routing\\Pipeline.php(48): Laravel\\Lumen\\Application->Laravel\\Lumen\\Concerns\\{closure}(Object(Laravel\\Lumen\\Http\\Request))
#12 F:\\Documents\\projetos\\g-redirect remaster\\backend\\app\\Http\\Middleware\\JwtMiddleware.php(26): Laravel\\Lumen\\Routing\\Pipeline->Laravel\\Lumen\\Routing\\{closure}(Object(Laravel\\Lumen\\Http\\Request))
#13 F:\\Documents\\projetos\\g-redirect remaster\\backend\\vendor\\illuminate\\pipeline\\Pipeline.php(180): App\\Http\\Middleware\\JwtMiddleware->handle(Object(Laravel\\Lumen\\Http\\Request), Object(Closure))
#14 F:\\Documents\\projetos\\g-redirect remaster\\backend\\vendor\\laravel\\lumen-framework\\src\\Routing\\Pipeline.php(30): Illuminate\\Pipeline\\Pipeline->Illuminate\\Pipeline\\{closure}(Object(Laravel\\Lumen\\Http\\Request))
#15 F:\\Documents\\projetos\\g-redirect remaster\\backend\\vendor\\illuminate\\pipeline\\Pipeline.php(116): Laravel\\Lumen\\Routing\\Pipeline->Laravel\\Lumen\\Routing\\{closure}(Object(Laravel\\Lumen\\Http\\Request))
#16 F:\\Documents\\projetos\\g-redirect remaster\\backend\\vendor\\laravel\\lumen-framework\\src\\Concerns\\RoutesRequests.php(428): Illuminate\\Pipeline\\Pipeline->then(Object(Closure))
#17 F:\\Documents\\projetos\\g-redirect remaster\\backend\\vendor\\laravel\\lumen-framework\\src\\Concerns\\RoutesRequests.php(263): Laravel\\Lumen\\Application->sendThroughPipeline(Array, Object(Closure))
#18 F:\\Documents\\projetos\\g-redirect remaster\\backend\\vendor\\laravel\\lumen-framework\\src\\Concerns\\RoutesRequests.php(239): Laravel\\Lumen\\Application->handleFoundRoute(Array)
#19 F:\\Documents\\projetos\\g-redirect remaster\\backend\\vendor\\laravel\\lumen-framework\\src\\Concerns\\RoutesRequests.php(174): Laravel\\Lumen\\Application->handleDispatcherResponse(Array)
#20 F:\\Documents\\projetos\\g-redirect remaster\\backend\\vendor\\laravel\\lumen-framework\\src\\Concerns\\RoutesRequests.php(431): Laravel\\Lumen\\Application->Laravel\\Lumen\\Concerns\\{closure}(Object(Laravel\\Lumen\\Http\\Request))
#21 F:\\Documents\\projetos\\g-redirect remaster\\backend\\vendor\\laravel\\lumen-framework\\src\\Concerns\\RoutesRequests.php(167): Laravel\\Lumen\\Application->sendThroughPipeline(Array, Object(Closure))
#22 F:\\Documents\\projetos\\g-redirect remaster\\backend\\vendor\\laravel\\lumen-framework\\src\\Concerns\\RoutesRequests.php(112): Laravel\\Lumen\\Application->dispatch(NULL)
#23 F:\\Documents\\projetos\\g-redirect remaster\\backend\\public\\index.php(28): Laravel\\Lumen\\Application->run()
#24 {main}
"} 
